This is XeTeX, Version 3.1415926-2.4-0.9998 (MiKTeX 2.9) (preloaded format=xelatex 2014.1.21)  5 MAR 2014 14:50
entering extended mode
**main_doc.tex
(C:\Users\Artie\git\mathmlexplorerweb\docs\thesis\main_doc.tex
LaTeX2e <2011/06/27>
Babel <v3.8m> and hyphenation patterns for english, afrikaans, ancientgreek, ar
abic, armenian, assamese, basque, bengali, bokmal, bulgarian, catalan, coptic, 
croatian, czech, danish, dutch, esperanto, estonian, farsi, finnish, french, ga
lician, german, german-x-2012-05-30, greek, gujarati, hindi, hungarian, iceland
ic, indonesian, interlingua, irish, italian, kannada, kurmanji, latin, latvian,
 lithuanian, malayalam, marathi, mongolian, mongolianlmc, monogreek, ngerman, n
german-x-2012-05-30, nynorsk, oriya, panjabi, pinyin, polish, portuguese, roman
ian, russian, sanskrit, serbian, slovak, slovenian, spanish, swedish, swissgerm
an, tamil, telugu, turkish, turkmen, ukenglish, ukrainian, uppersorbian, usengl
ishmax, welsh, loaded.
("C:\Program Files (x86)\MiKTeX 2.9\tex\latex\base\book.cls"
Document Class: book 2007/10/19 v1.4h Standard LaTeX document class
("C:\Program Files (x86)\MiKTeX 2.9\tex\latex\base\bk12.clo"
File: bk12.clo 2007/10/19 v1.4h Standard LaTeX file (size option)
Requested font "cmr12" at 12.0pt
 -> cmr12
)
\c@part=\count80
\c@chapter=\count81
\c@section=\count82
\c@subsection=\count83
\c@subsubsection=\count84
\c@paragraph=\count85
\c@subparagraph=\count86
\c@figure=\count87
\c@table=\count88
\abovecaptionskip=\skip41
\belowcaptionskip=\skip42
\bibindent=\dimen102
)
("C:\Program Files (x86)\MiKTeX 2.9\tex\latex\ucs\ucs.sty"
Package: ucs 2013/05/11 v2.2 UCS: Unicode input support

("C:\Program Files (x86)\MiKTeX 2.9\tex\latex\ucs\uni-global.def"
File: uni-global.def 2013/05/13 UCS: Unicode global data
)
\uc@secondtry=\count89
\uc@combtoks=\toks14
\uc@combtoksb=\toks15
\uc@temptokena=\toks16
)
("C:\Program Files (x86)\MiKTeX 2.9\tex\latex\base\inputenc.sty"
Package: inputenc 2008/03/30 v1.1d Input encoding file
\inpenc@prehook=\toks17
\inpenc@posthook=\toks18

("C:\Program Files (x86)\MiKTeX 2.9\tex\latex\ucs\utf8x.def"
File: utf8x.def 2004/10/17 UCS: Input encoding UTF-8
))
("C:\Program Files (x86)\MiKTeX 2.9\tex\latex\amsfonts\amssymb.sty"
Package: amssymb 2013/01/14 v3.01 AMS font symbols

("C:\Program Files (x86)\MiKTeX 2.9\tex\latex\amsfonts\amsfonts.sty"
Package: amsfonts 2013/01/14 v3.01 Basic AMSFonts support
\@emptytoks=\toks19
\symAMSa=\mathgroup4
\symAMSb=\mathgroup5
LaTeX Font Info:    Overwriting math alphabet `\mathfrak' in version `bold'
(Font)                  U/euf/m/n --> U/euf/b/n on input line 106.
))
("C:\Program Files (x86)\MiKTeX 2.9\tex\latex\aeguill\aeguill.sty"
Package: aeguill 2003/08/02 1.02 AE fonts with french guillemets (D. Roegel)

("C:\Program Files (x86)\MiKTeX 2.9\tex\latex\ae\ae.sty"
Package: ae 2001/02/12 1.3 Almost European Computer Modern

("C:\Program Files (x86)\MiKTeX 2.9\tex\latex\base\fontenc.sty"
Package: fontenc 2005/09/27 v1.99g Standard LaTeX package

("C:\Program Files (x86)\MiKTeX 2.9\tex\latex\base\t1enc.def"
File: t1enc.def 2005/09/27 v1.99g Standard LaTeX file
LaTeX Font Info:    Redeclaring font encoding T1 on input line 43.
)
LaTeX Font Info:    Try loading font information for T1+aer on input line 100.

("C:\Program Files (x86)\MiKTeX 2.9\tex\latex\ae\t1aer.fd"
File: t1aer.fd 1997/11/16 Font definitions for T1/aer.
)
Requested font "aer12" at 12.0pt
 -> aer12
))
("C:\Program Files (x86)\MiKTeX 2.9\tex\latex\base\fontenc.sty"
Package: fontenc 2005/09/27 v1.99g Standard LaTeX package

("C:\Program Files (x86)\MiKTeX 2.9\tex\latex\cyrillic\ot2enc.def"
File: ot2enc.def 2001/08/11 v3.3a Cyrillic encoding definition file
)
("C:\Program Files (x86)\MiKTeX 2.9\tex\latex\base\t1enc.def"
File: t1enc.def 2005/09/27 v1.99g Standard LaTeX file
LaTeX Font Info:    Redeclaring font encoding T1 on input line 43.
)))
("C:\Program Files (x86)\MiKTeX 2.9\tex\generic\babel\babel.sty"
Package: babel 2008/07/08 v3.8m The Babel package

*************************************
* Local config file bblopts.cfg used
*
("C:\Program Files (x86)\MiKTeX 2.9\tex\latex\00miktex\bblopts.cfg"
File: bblopts.cfg 2006/07/31 v1.0 MiKTeX 'babel' configuration
)
("C:\Program Files (x86)\MiKTeX 2.9\tex\generic\babel\english.ldf"
Language: english 2005/03/30 v3.3o English support from the babel system

("C:\Program Files (x86)\MiKTeX 2.9\tex\generic\babel\babel.def"
File: babel.def 2008/07/08 v3.8m Babel common definitions
\babel@savecnt=\count90
\U@D=\dimen103
)
\l@canadian = a dialect from \language\l@american 
\l@australian = a dialect from \language\l@british 
\l@newzealand = a dialect from \language\l@british 
))
("C:\Program Files (x86)\MiKTeX 2.9\tex\latex\fancyhdr\fancyhdr.sty"
\fancy@headwidth=\skip43
\f@ncyO@elh=\skip44
\f@ncyO@erh=\skip45
\f@ncyO@olh=\skip46
\f@ncyO@orh=\skip47
\f@ncyO@elf=\skip48
\f@ncyO@erf=\skip49
\f@ncyO@olf=\skip50
\f@ncyO@orf=\skip51
)
("C:\Program Files (x86)\MiKTeX 2.9\tex\generic\oberdiek\ifpdf.sty"
Package: ifpdf 2011/01/30 v2.3 Provides the ifpdf switch (HO)
Package ifpdf Info: pdfTeX in PDF mode is not detected.
)
("C:\Program Files (x86)\MiKTeX 2.9\tex\latex\tools\array.sty"
Package: array 2008/09/09 v2.4c Tabular extension package (FMi)
\col@sep=\dimen104
\extrarowheight=\dimen105
\NC@list=\toks20
\extratabsurround=\skip52
\backup@length=\skip53
)
("C:\Program Files (x86)\MiKTeX 2.9\tex\latex\multirow\multirow.sty"
\bigstrutjot=\dimen106
)
("C:\Program Files (x86)\MiKTeX 2.9\tex\latex\base\textcomp.sty"
Package: textcomp 2005/09/27 v1.99g Standard LaTeX package
Package textcomp Info: Sub-encoding information:
(textcomp)               5 = only ISO-Adobe without \textcurrency
(textcomp)               4 = 5 + \texteuro
(textcomp)               3 = 4 + \textohm
(textcomp)               2 = 3 + \textestimated + \textcurrency
(textcomp)               1 = TS1 - \textcircled - \t
(textcomp)               0 = TS1 (full)
(textcomp)             Font families with sub-encoding setting implement
(textcomp)             only a restricted character set as indicated.
(textcomp)             Family '?' is the default used for unknown fonts.
(textcomp)             See the documentation for details.
Package textcomp Info: Setting ? sub-encoding to TS1/1 on input line 71.

("C:\Program Files (x86)\MiKTeX 2.9\tex\latex\base\ts1enc.def"
File: ts1enc.def 2001/06/05 v3.0e (jk/car/fm) Standard LaTeX file
)
LaTeX Info: Redefining \oldstylenums on input line 266.
Package textcomp Info: Setting cmr sub-encoding to TS1/0 on input line 281.
Package textcomp Info: Setting cmss sub-encoding to TS1/0 on input line 282.
Package textcomp Info: Setting cmtt sub-encoding to TS1/0 on input line 283.
Package textcomp Info: Setting cmvtt sub-encoding to TS1/0 on input line 284.
Package textcomp Info: Setting cmbr sub-encoding to TS1/0 on input line 285.
Package textcomp Info: Setting cmtl sub-encoding to TS1/0 on input line 286.
Package textcomp Info: Setting ccr sub-encoding to TS1/0 on input line 287.
Package textcomp Info: Setting ptm sub-encoding to TS1/4 on input line 288.
Package textcomp Info: Setting pcr sub-encoding to TS1/4 on input line 289.
Package textcomp Info: Setting phv sub-encoding to TS1/4 on input line 290.
Package textcomp Info: Setting ppl sub-encoding to TS1/3 on input line 291.
Package textcomp Info: Setting pag sub-encoding to TS1/4 on input line 292.
Package textcomp Info: Setting pbk sub-encoding to TS1/4 on input line 293.
Package textcomp Info: Setting pnc sub-encoding to TS1/4 on input line 294.
Package textcomp Info: Setting pzc sub-encoding to TS1/4 on input line 295.
Package textcomp Info: Setting bch sub-encoding to TS1/4 on input line 296.
Package textcomp Info: Setting put sub-encoding to TS1/5 on input line 297.
Package textcomp Info: Setting uag sub-encoding to TS1/5 on input line 298.
Package textcomp Info: Setting ugq sub-encoding to TS1/5 on input line 299.
Package textcomp Info: Setting ul8 sub-encoding to TS1/4 on input line 300.
Package textcomp Info: Setting ul9 sub-encoding to TS1/4 on input line 301.
Package textcomp Info: Setting augie sub-encoding to TS1/5 on input line 302.
Package textcomp Info: Setting dayrom sub-encoding to TS1/3 on input line 303.
Package textcomp Info: Setting dayroms sub-encoding to TS1/3 on input line 304.

Package textcomp Info: Setting pxr sub-encoding to TS1/0 on input line 305.
Package textcomp Info: Setting pxss sub-encoding to TS1/0 on input line 306.
Package textcomp Info: Setting pxtt sub-encoding to TS1/0 on input line 307.
Package textcomp Info: Setting txr sub-encoding to TS1/0 on input line 308.
Package textcomp Info: Setting txss sub-encoding to TS1/0 on input line 309.
Package textcomp Info: Setting txtt sub-encoding to TS1/0 on input line 310.
Package textcomp Info: Setting lmr sub-encoding to TS1/0 on input line 311.
Package textcomp Info: Setting lmdh sub-encoding to TS1/0 on input line 312.
Package textcomp Info: Setting lmss sub-encoding to TS1/0 on input line 313.
Package textcomp Info: Setting lmssq sub-encoding to TS1/0 on input line 314.
Package textcomp Info: Setting lmvtt sub-encoding to TS1/0 on input line 315.
Package textcomp Info: Setting qhv sub-encoding to TS1/0 on input line 316.
Package textcomp Info: Setting qag sub-encoding to TS1/0 on input line 317.
Package textcomp Info: Setting qbk sub-encoding to TS1/0 on input line 318.
Package textcomp Info: Setting qcr sub-encoding to TS1/0 on input line 319.
Package textcomp Info: Setting qcs sub-encoding to TS1/0 on input line 320.
Package textcomp Info: Setting qpl sub-encoding to TS1/0 on input line 321.
Package textcomp Info: Setting qtm sub-encoding to TS1/0 on input line 322.
Package textcomp Info: Setting qzc sub-encoding to TS1/0 on input line 323.
Package textcomp Info: Setting qhvc sub-encoding to TS1/0 on input line 324.
Package textcomp Info: Setting futs sub-encoding to TS1/4 on input line 325.
Package textcomp Info: Setting futx sub-encoding to TS1/4 on input line 326.
Package textcomp Info: Setting futj sub-encoding to TS1/4 on input line 327.
Package textcomp Info: Setting hlh sub-encoding to TS1/3 on input line 328.
Package textcomp Info: Setting hls sub-encoding to TS1/3 on input line 329.
Package textcomp Info: Setting hlst sub-encoding to TS1/3 on input line 330.
Package textcomp Info: Setting hlct sub-encoding to TS1/5 on input line 331.
Package textcomp Info: Setting hlx sub-encoding to TS1/5 on input line 332.
Package textcomp Info: Setting hlce sub-encoding to TS1/5 on input line 333.
Package textcomp Info: Setting hlcn sub-encoding to TS1/5 on input line 334.
Package textcomp Info: Setting hlcw sub-encoding to TS1/5 on input line 335.
Package textcomp Info: Setting hlcf sub-encoding to TS1/5 on input line 336.
Package textcomp Info: Setting pplx sub-encoding to TS1/3 on input line 337.
Package textcomp Info: Setting pplj sub-encoding to TS1/3 on input line 338.
Package textcomp Info: Setting ptmx sub-encoding to TS1/4 on input line 339.
Package textcomp Info: Setting ptmj sub-encoding to TS1/4 on input line 340.
)
("C:\Program Files (x86)\MiKTeX 2.9\tex\latex\tools\verbatim.sty"
Package: verbatim 2003/08/22 v1.5q LaTeX2e package for verbatim enhancements
\every@verbatim=\toks21
\verbatim@line=\toks22
\verbatim@in@stream=\read1
)
("C:\Program Files (x86)\MiKTeX 2.9\tex\latex\listings\listings.sty"
("C:\Program Files (x86)\MiKTeX 2.9\tex\latex\graphics\keyval.sty"
Package: keyval 1999/03/16 v1.13 key=value parser (DPC)
\KV@toks@=\toks23
)
\lst@mode=\count91
\lst@gtempboxa=\box26
\lst@token=\toks24
\lst@length=\count92
\lst@currlwidth=\dimen107
\lst@column=\count93
\lst@pos=\count94
\lst@lostspace=\dimen108
\lst@width=\dimen109
\lst@newlines=\count95
\lst@lineno=\count96
\lst@maxwidth=\dimen110

("C:\Program Files (x86)\MiKTeX 2.9\tex\latex\listings\lstmisc.sty"
File: lstmisc.sty 2013/08/26 1.5b (Carsten Heinz)
\c@lstnumber=\count97
\lst@skipnumbers=\count98
\lst@framebox=\box27
)
("C:\Program Files (x86)\MiKTeX 2.9\tex\latex\listings\listings.cfg"
File: listings.cfg 2013/08/26 1.5b listings configuration
))
Package: listings 2013/08/26 1.5b (Carsten Heinz)

("C:\Program Files (x86)\MiKTeX 2.9\tex\latex\hyperref\hyperref.sty"
Package: hyperref 2012/11/06 v6.83m Hypertext links for LaTeX

("C:\Program Files (x86)\MiKTeX 2.9\tex\generic\oberdiek\hobsub-hyperref.sty"
Package: hobsub-hyperref 2012/04/25 v1.12 Bundle oberdiek, subset hyperref (HO)


("C:\Program Files (x86)\MiKTeX 2.9\tex\generic\oberdiek\hobsub-generic.sty"
Package: hobsub-generic 2012/04/25 v1.12 Bundle oberdiek, subset generic (HO)
Package: hobsub 2012/04/25 v1.12 Construct package bundles (HO)
Package: infwarerr 2010/04/08 v1.3 Providing info/warning/error messages (HO)
Package: ltxcmds 2011/11/09 v1.22 LaTeX kernel commands for general use (HO)
Package: ifluatex 2010/03/01 v1.3 Provides the ifluatex switch (HO)
Package ifluatex Info: LuaTeX not detected.
Package: ifvtex 2010/03/01 v1.5 Detect VTeX and its facilities (HO)
Package ifvtex Info: VTeX not detected.
Package: intcalc 2007/09/27 v1.1 Expandable calculations with integers (HO)
Package hobsub Info: Skipping package `ifpdf' (already loaded).
Package: etexcmds 2011/02/16 v1.5 Avoid name clashes with e-TeX commands (HO)
Package etexcmds Info: Could not find \expanded.
(etexcmds)             That can mean that you are not using pdfTeX 1.50 or
(etexcmds)             that some package has redefined \expanded.
(etexcmds)             In the latter case, load this package earlier.
Package: kvsetkeys 2012/04/25 v1.16 Key value parser (HO)
Package: kvdefinekeys 2011/04/07 v1.3 Define keys (HO)
Package: pdftexcmds 2011/11/29 v0.20 Utility functions of pdfTeX for LuaTeX (HO
)
Package pdftexcmds Info: LuaTeX not detected.
Package pdftexcmds Info: pdfTeX >= 1.30 not detected.
Package pdftexcmds Info: \pdf@primitive is available.
Package pdftexcmds Info: \pdf@ifprimitive is available.
Package pdftexcmds Info: \pdfdraftmode not found.
Package: pdfescape 2011/11/25 v1.13 Implements pdfTeX's escape features (HO)
Package: bigintcalc 2012/04/08 v1.3 Expandable calculations on big integers (HO
)
Package: bitset 2011/01/30 v1.1 Handle bit-vector datatype (HO)
Package: uniquecounter 2011/01/30 v1.2 Provide unlimited unique counter (HO)
)
Package hobsub Info: Skipping package `hobsub' (already loaded).
Package: letltxmacro 2010/09/02 v1.4 Let assignment for LaTeX macros (HO)
Package: hopatch 2011/06/24 v1.1 Wrapper for package hooks (HO)
Package: xcolor-patch 2011/01/30 xcolor patch
Package: atveryend 2011/06/30 v1.8 Hooks at the very end of document (HO)
Package atveryend Info: \enddocument detected (standard20110627).
Package: atbegshi 2011/10/05 v1.16 At begin shipout hook (HO)
Package: refcount 2011/10/16 v3.4 Data extraction from label references (HO)
Package: hycolor 2011/01/30 v1.7 Color options for hyperref/bookmark (HO)
)
("C:\Program Files (x86)\MiKTeX 2.9\tex\generic\ifxetex\ifxetex.sty"
Package: ifxetex 2010/09/12 v0.6 Provides ifxetex conditional
)
("C:\Program Files (x86)\MiKTeX 2.9\tex\latex\oberdiek\auxhook.sty"
Package: auxhook 2011/03/04 v1.3 Hooks for auxiliary files (HO)
)
("C:\Program Files (x86)\MiKTeX 2.9\tex\latex\oberdiek\kvoptions.sty"
Package: kvoptions 2011/06/30 v3.11 Key value format for package options (HO)
)
\@linkdim=\dimen111
\Hy@linkcounter=\count99
\Hy@pagecounter=\count100

("C:\Program Files (x86)\MiKTeX 2.9\tex\latex\hyperref\pd1enc.def"
File: pd1enc.def 2012/11/06 v6.83m Hyperref: PDFDocEncoding definition (HO)
)
\Hy@SavedSpaceFactor=\count101

("C:\Program Files (x86)\MiKTeX 2.9\tex\latex\00miktex\hyperref.cfg"
File: hyperref.cfg 2002/06/06 v1.2 hyperref configuration of TeXLive
)
Package hyperref Info: Hyper figures OFF on input line 4443.
Package hyperref Info: Link nesting OFF on input line 4448.
Package hyperref Info: Hyper index ON on input line 4451.
Package hyperref Info: Plain pages OFF on input line 4458.
Package hyperref Info: Backreferencing OFF on input line 4463.
Package hyperref Info: Implicit mode ON; LaTeX internals redefined.
Package hyperref Info: Bookmarks ON on input line 4688.
\c@Hy@tempcnt=\count102

("C:\Program Files (x86)\MiKTeX 2.9\tex\xelatex\xetexurl\url.sty"
\Urlmuskip=\muskip10
Package: url 2004/03/15  ver 3.1  Verb mode for urls, etc.
)
LaTeX Info: Redefining \url on input line 5041.
\XeTeXLinkMargin=\dimen112
Requested font "pzdr" at 0.00002pt
 -> pzdr
\Fld@menulength=\count103
\Field@Width=\dimen113
\Fld@charsize=\dimen114
Package hyperref Info: Hyper figures OFF on input line 6295.
Package hyperref Info: Link nesting OFF on input line 6300.
Package hyperref Info: Hyper index ON on input line 6303.
Package hyperref Info: backreferencing OFF on input line 6310.
Package hyperref Info: Link coloring OFF on input line 6315.
Package hyperref Info: Link coloring with OCG OFF on input line 6320.
Package hyperref Info: PDF/A mode OFF on input line 6325.
LaTeX Info: Redefining \ref on input line 6365.
LaTeX Info: Redefining \pageref on input line 6369.
\Hy@abspage=\count104
\c@Item=\count105
\c@Hfootnote=\count106
)

Package hyperref Message: Driver (autodetected): hxetex.

("C:\Program Files (x86)\MiKTeX 2.9\tex\latex\hyperref\hxetex.def"
File: hxetex.def 2012/11/06 v6.83m Hyperref driver for XeTeX

("C:\Program Files (x86)\MiKTeX 2.9\tex\latex\hyperref\puenc.def"
File: puenc.def 2012/11/06 v6.83m Hyperref: PDF Unicode definition (HO)
)
("C:\Program Files (x86)\MiKTeX 2.9\tex\generic\oberdiek\stringenc.sty"
Package: stringenc 2011/12/02 v1.10 Convert strings between diff. encodings (HO
)
)
\pdfm@box=\box28
\c@Hy@AnnotLevel=\count107
\HyField@AnnotCount=\count108
\Fld@listcount=\count109
\c@bookmark@seq@number=\count110

("C:\Program Files (x86)\MiKTeX 2.9\tex\latex\oberdiek\rerunfilecheck.sty"
Package: rerunfilecheck 2011/04/15 v1.7 Rerun checks for auxiliary files (HO)
Package rerunfilecheck Info: Feature \pdfmdfivesum is not available
(rerunfilecheck)             (e.g. pdfTeX or LuaTeX with package `pdftexcmds').

(rerunfilecheck)             Therefore file contents cannot be checked efficien
tly
(rerunfilecheck)             and the loading of the package is aborted.
)
\Hy@SectionHShift=\skip54
)
("C:\Program Files (x86)\MiKTeX 2.9\tex\latex\dstroke\dsfont.sty"
Package: dsfont 1995/08/01 v0.1 Double stroke roman fonts
)
("C:\Program Files (x86)\MiKTeX 2.9\tex\latex\fontspec\fontspec.sty"
Package: fontspec 2013/02/25 v2.3 Font selection for XeLaTeX and LuaLaTeX

("C:\Program Files (x86)\MiKTeX 2.9\tex\latex\l3kernel\expl3.sty"
("C:\Program Files (x86)\MiKTeX 2.9\tex\latex\l3kernel\l3names.sty"
("C:\Program Files (x86)\MiKTeX 2.9\tex\latex\l3kernel\l3bootstrap.sty"
Package: l3bootstrap 2014/01/04 v4640 L3 Experimental bootstrap code
)
Package: l3names 2014/01/04 v4640 L3 Namespace for primitives
)
("C:\Program Files (x86)\MiKTeX 2.9\tex\latex\misc\etex.sty"
Package: etex 1998/03/26 v2.0 eTeX basic definition package (PEB)
\et@xins=\count111
)
Package: expl3 2014/01/07 v4646 L3 Experimental code bundle wrapper

("C:\Program Files (x86)\MiKTeX 2.9\tex\latex\l3kernel\l3basics.sty"
Package: l3basics 2014/01/04 v4642 L3 Basic definitions
)
("C:\Program Files (x86)\MiKTeX 2.9\tex\latex\l3kernel\l3expan.sty"
Package: l3expan 2014/01/04 v4642 L3 Argument expansion
)
("C:\Program Files (x86)\MiKTeX 2.9\tex\latex\l3kernel\l3tl.sty"
Package: l3tl 2013/12/27 v4625 L3 Token lists
)
("C:\Program Files (x86)\MiKTeX 2.9\tex\latex\l3kernel\l3seq.sty"
Package: l3seq 2013/12/14 v4623 L3 Sequences and stacks
)
("C:\Program Files (x86)\MiKTeX 2.9\tex\latex\l3kernel\l3int.sty"
Package: l3int 2013/08/02 v4583 L3 Integers
\c_max_int=\count112
\l_tmpa_int=\count113
\l_tmpb_int=\count114
\g_tmpa_int=\count115
\g_tmpb_int=\count116
)
("C:\Program Files (x86)\MiKTeX 2.9\tex\latex\l3kernel\l3quark.sty"
Package: l3quark 2013/12/14 v4623 L3 Quarks
)
("C:\Program Files (x86)\MiKTeX 2.9\tex\latex\l3kernel\l3prg.sty"
Package: l3prg 2014/01/04 v4642 L3 Control structures
\g__prg_map_int=\count117
)
("C:\Program Files (x86)\MiKTeX 2.9\tex\latex\l3kernel\l3clist.sty"
Package: l3clist 2013/07/28 v4581 L3 Comma separated lists
)
("C:\Program Files (x86)\MiKTeX 2.9\tex\latex\l3kernel\l3token.sty"
Package: l3token 2013/08/25 v4587 L3 Experimental token manipulation
)
("C:\Program Files (x86)\MiKTeX 2.9\tex\latex\l3kernel\l3prop.sty"
Package: l3prop 2013/12/14 v4623 L3 Property lists
)
("C:\Program Files (x86)\MiKTeX 2.9\tex\latex\l3kernel\l3msg.sty"
Package: l3msg 2013/07/28 v4581 L3 Messages
)
("C:\Program Files (x86)\MiKTeX 2.9\tex\latex\l3kernel\l3file.sty"
Package: l3file 2013/10/13 v4596 L3 File and I/O operations
\l_iow_line_count_int=\count118
\l__iow_target_count_int=\count119
\l__iow_current_line_int=\count120
\l__iow_current_word_int=\count121
\l__iow_current_indentation_int=\count122
)
("C:\Program Files (x86)\MiKTeX 2.9\tex\latex\l3kernel\l3skip.sty"
Package: l3skip 2013/07/28 v4581 L3 Dimensions and skips
\c_zero_dim=\dimen115
\c_max_dim=\dimen116
\l_tmpa_dim=\dimen117
\l_tmpb_dim=\dimen118
\g_tmpa_dim=\dimen119
\g_tmpb_dim=\dimen120
\c_zero_skip=\skip55
\c_max_skip=\skip56
\l_tmpa_skip=\skip57
\l_tmpb_skip=\skip58
\g_tmpa_skip=\skip59
\g_tmpb_skip=\skip60
\c_zero_muskip=\muskip11
\c_max_muskip=\muskip12
\l_tmpa_muskip=\muskip13
\l_tmpb_muskip=\muskip14
\g_tmpa_muskip=\muskip15
\g_tmpb_muskip=\muskip16
)
("C:\Program Files (x86)\MiKTeX 2.9\tex\latex\l3kernel\l3keys.sty"
Package: l3keys 2013/12/08 v4614 L3 Experimental key-value interfaces
\g__keyval_level_int=\count123
\l_keys_choice_int=\count124
)
("C:\Program Files (x86)\MiKTeX 2.9\tex\latex\l3kernel\l3fp.sty"
Package: l3fp 2014/01/04 v4642 L3 Floating points
\c__fp_leading_shift_int=\count125
\c__fp_middle_shift_int=\count126
\c__fp_trailing_shift_int=\count127
\c__fp_big_leading_shift_int=\count128
\c__fp_big_middle_shift_int=\count129
\c__fp_big_trailing_shift_int=\count130
\c__fp_Bigg_leading_shift_int=\count131
\c__fp_Bigg_middle_shift_int=\count132
\c__fp_Bigg_trailing_shift_int=\count133
)
("C:\Program Files (x86)\MiKTeX 2.9\tex\latex\l3kernel\l3box.sty"
Package: l3box 2013/07/28 v4581 L3 Experimental boxes
\c_empty_box=\box29
\l_tmpa_box=\box30
\l_tmpb_box=\box31
\g_tmpa_box=\box32
\g_tmpb_box=\box33
)
("C:\Program Files (x86)\MiKTeX 2.9\tex\latex\l3kernel\l3coffins.sty"
Package: l3coffins 2013/12/14 v4624 L3 Coffin code layer
\l__coffin_internal_box=\box34
\l__coffin_internal_dim=\dimen121
\l__coffin_offset_x_dim=\dimen122
\l__coffin_offset_y_dim=\dimen123
\l__coffin_x_dim=\dimen124
\l__coffin_y_dim=\dimen125
\l__coffin_x_prime_dim=\dimen126
\l__coffin_y_prime_dim=\dimen127
\c_empty_coffin=\box35
\l__coffin_aligned_coffin=\box36
\l__coffin_aligned_internal_coffin=\box37
\l_tmpa_coffin=\box38
\l_tmpb_coffin=\box39
\l__coffin_display_coffin=\box40
\l__coffin_display_coord_coffin=\box41
\l__coffin_display_pole_coffin=\box42
\l__coffin_display_offset_dim=\dimen128
\l__coffin_display_x_dim=\dimen129
\l__coffin_display_y_dim=\dimen130
)
("C:\Program Files (x86)\MiKTeX 2.9\tex\latex\l3kernel\l3color.sty"
Package: l3color 2012/08/29 v4156 L3 Experimental color support
)
("C:\Program Files (x86)\MiKTeX 2.9\tex\latex\l3kernel\l3luatex.sty"
Package: l3luatex 2013/07/28 v4581 L3 Experimental LuaTeX-specific functions
\g__cctab_allocate_int=\count134
\g__cctab_stack_int=\count135
)
("C:\Program Files (x86)\MiKTeX 2.9\tex\latex\l3kernel\l3candidates.sty"
Package: l3candidates 2014/01/06 v4643 L3 Experimental additions to l3kernel
\l__box_top_dim=\dimen131
\l__box_bottom_dim=\dimen132
\l__box_left_dim=\dimen133
\l__box_right_dim=\dimen134
\l__box_top_new_dim=\dimen135
\l__box_bottom_new_dim=\dimen136
\l__box_left_new_dim=\dimen137
\l__box_right_new_dim=\dimen138
\l__box_internal_box=\box43
\l__coffin_bounding_shift_dim=\dimen139
\l__coffin_left_corner_dim=\dimen140
\l__coffin_right_corner_dim=\dimen141
\l__coffin_bottom_corner_dim=\dimen142
\l__coffin_top_corner_dim=\dimen143
\l__coffin_scaled_total_height_dim=\dimen144
\l__coffin_scaled_width_dim=\dimen145
))
("C:\Program Files (x86)\MiKTeX 2.9\tex\latex\l3packages\xparse\xparse.sty"
Package: xparse 2013/12/31 v4634 L3 Experimental document command parser
\l__xparse_current_arg_int=\count136
\l__xparse_m_args_int=\count137
\l__xparse_mandatory_args_int=\count138
\l__xparse_processor_int=\count139
\l__xparse_v_nesting_int=\count140
)
\l_fontspec_script_int=\count141
\l_fontspec_language_int=\count142
\l_fontspec_strnum_int=\count143
\l_fontspec_tmpa_dim=\dimen146
\l_fontspec_tmpb_dim=\dimen147
\l_fontspec_tmpc_dim=\dimen148
Variant \tl_gset:cV already defined; not changing it on line 69

("C:\Program Files (x86)\MiKTeX 2.9\tex\latex\fontspec\fontspec-patches.sty"
Package: fontspec-patches 2013/02/25 v2.3 Font selection for XeLaTeX and LuaLaT
eX

("C:\Program Files (x86)\MiKTeX 2.9\tex\latex\base\fixltx2e.sty"
Package: fixltx2e 2006/09/13 v1.1m fixes to LaTeX
LaTeX Info: Redefining \em on input line 420.
)
LaTeX Info: Redefining \em on input line 22.
LaTeX Info: Redefining \emph on input line 30.
LaTeX Info: Redefining \- on input line 33.

*************************************************
* LaTeX warning: "xparse/redefine-command"
* 
* Redefining document command \oldstylenums with arg. spec. 'm' on line 128.
*************************************************
.................................................
. LaTeX info: "xparse/define-command"
. 
. Defining document command \liningnums with arg. spec. 'm' on line 132.
.................................................
) ("C:\Program Files (x86)\MiKTeX 2.9\tex\latex\fontspec\fontspec-xetex.sty"
Package: fontspec-xetex 2013/02/25 v2.3 Font selection for XeLaTeX and LuaLaTeX


("C:\Program Files (x86)\MiKTeX 2.9\tex\latex\base\fontenc.sty"
Package: fontenc 2005/09/27 v1.99g Standard LaTeX package

("C:\Program Files (x86)\MiKTeX 2.9\tex\latex\euenc\eu1enc.def"
File: eu1enc.def 2010/05/27 v0.1h Experimental Unicode font encodings
)
LaTeX Font Info:    Try loading font information for EU1+lmr on input line 100.


("C:\Program Files (x86)\MiKTeX 2.9\tex\latex\euenc\eu1lmr.fd"
File: eu1lmr.fd 2009/10/30 v1.6 Font defs for Latin Modern
)
Requested font "[lmroman10-regular]:mapping=tex-text" at 10.0pt
 -> C:/Program Files (x86)/MiKTeX 2.9/fonts/opentype/public/lm/lmroman10-regula
r.otf
)
("C:\Program Files (x86)\MiKTeX 2.9\tex\xelatex\xunicode\xunicode.sty"
File: xunicode.sty 2011/09/09 v0.981 provides access to latin accents and many 
other characters in Unicode lower plane

*** you should *not* be loading the inputenc package
*** XeTeX expects the source to be in UTF8 encoding
*** some features of other encodings may conflict, resulting in poor output.
("C:\Program Files (x86)\MiKTeX 2.9\tex\latex\tipa\t3enc.def"
File: t3enc.def 2001/12/31 T3 encoding
Requested font "[lmromanslant10-regular]:mapping=tex-text" at 10.0pt
 -> C:/Program Files (x86)/MiKTeX 2.9/fonts/opentype/public/lm/lmromanslant10-r
egular.otf
Requested font "[lmroman10-italic]:mapping=tex-text" at 10.0pt
 -> C:/Program Files (x86)/MiKTeX 2.9/fonts/opentype/public/lm/lmroman10-italic
.otf
Requested font "[lmroman10-bold]:mapping=tex-text" at 10.0pt
 -> C:/Program Files (x86)/MiKTeX 2.9/fonts/opentype/public/lm/lmroman10-bold.o
tf
LaTeX Font Info:    Try loading font information for EU1+lmss on input line 357
.

("C:\Program Files (x86)\MiKTeX 2.9\tex\latex\euenc\eu1lmss.fd"
File: eu1lmss.fd 2009/10/30 v1.6 Font defs for Latin Modern
)
Requested font "[lmsans10-regular]:mapping=tex-text" at 10.0pt
 -> C:/Program Files (x86)/MiKTeX 2.9/fonts/opentype/public/lm/lmsans10-regular
.otf
)
\tipaTiiicode=\count144
\tipasavetokens=\toks25
\tipachecktokens=\toks26

("C:\Program Files (x86)\MiKTeX 2.9\tex\latex\graphics\graphicx.sty"
Package: graphicx 1999/02/16 v1.0f Enhanced LaTeX Graphics (DPC,SPQR)

("C:\Program Files (x86)\MiKTeX 2.9\tex\latex\graphics\graphics.sty"
Package: graphics 2009/02/05 v1.0o Standard LaTeX Graphics (DPC,SPQR)

("C:\Program Files (x86)\MiKTeX 2.9\tex\latex\graphics\trig.sty"
Package: trig 1999/03/16 v1.09 sin cos tan (DPC)
)
("C:\Program Files (x86)\MiKTeX 2.9\tex\latex\00miktex\graphics.cfg"
File: graphics.cfg 2007/01/18 v1.5 graphics configuration of teTeX/TeXLive
)
Package graphics Info: Driver file: xetex.def on input line 91.

("C:\Program Files (x86)\MiKTeX 2.9\tex\xelatex\xetex-def\xetex.def"
File: xetex.def 2013/04/29 v0.96 LaTeX color/graphics driver for XeTeX (RRM/JK)

))
\Gin@req@height=\dimen149
\Gin@req@width=\dimen150
))
.................................................
. LaTeX info: "xparse/define-command"
. 
. Defining document command \fontspec with arg. spec. 'O{}m' on line 41.
.................................................
.................................................
. LaTeX info: "xparse/define-command"
. 
. Defining document command \setmainfont with arg. spec. 'O{}m' on line 46.
.................................................
.................................................
. LaTeX info: "xparse/define-command"
. 
. Defining document command \setsansfont with arg. spec. 'O{}m' on line 51.
.................................................
.................................................
. LaTeX info: "xparse/define-command"
. 
. Defining document command \setmonofont with arg. spec. 'O{}m' on line 56.
.................................................
.................................................
. LaTeX info: "xparse/define-command"
. 
. Defining document command \setmathrm with arg. spec. 'O{}m' on line 65.
.................................................
.................................................
. LaTeX info: "xparse/define-command"
. 
. Defining document command \setboldmathrm with arg. spec. 'O{}m' on line 69.
.................................................
.................................................
. LaTeX info: "xparse/define-command"
. 
. Defining document command \setmathsf with arg. spec. 'O{}m' on line 73.
.................................................
.................................................
. LaTeX info: "xparse/define-command"
. 
. Defining document command \setmathtt with arg. spec. 'O{}m' on line 77.
.................................................
.................................................
. LaTeX info: "xparse/define-command"
. 
. Defining document command \newfontfamily with arg. spec. 'mO{}m' on line 96.
.................................................
.................................................
. LaTeX info: "xparse/define-command"
. 
. Defining document command \newfontface with arg. spec. 'mO{}m' on line 100.
.................................................
.................................................
. LaTeX info: "xparse/define-command"
. 
. Defining document command \defaultfontfeatures with arg. spec. 'om' on line
. 108.
.................................................
.................................................
. LaTeX info: "xparse/define-command"
. 
. Defining document command \addfontfeatures with arg. spec. 'm' on line 144.
.................................................
.................................................
. LaTeX info: "xparse/define-command"
. 
. Defining document command \newfontfeature with arg. spec. 'mm' on line 156.
.................................................
.................................................
. LaTeX info: "xparse/define-command"
. 
. Defining document command \newAATfeature with arg. spec. 'mmmm' on line 164.
.................................................
.................................................
. LaTeX info: "xparse/define-command"
. 
. Defining document command \newICUfeature with arg. spec. 'mmm' on line 172.
.................................................
.................................................
. LaTeX info: "xparse/define-command"
. 
. Defining document command \aliasfontfeature with arg. spec. 'mm' on line
. 201.
.................................................
.................................................
. LaTeX info: "xparse/define-command"
. 
. Defining document command \aliasfontfeatureoption with arg. spec. 'mmm' on
. line 203.
.................................................
.................................................
. LaTeX info: "xparse/define-command"
. 
. Defining document command \newfontscript with arg. spec. 'mm' on line 208.
.................................................
.................................................
. LaTeX info: "xparse/define-command"
. 
. Defining document command \newfontlanguage with arg. spec. 'mm' on line 235.
.................................................
.................................................
. LaTeX info: "xparse/define-command"
. 
. Defining document command \DeclareFontsExtensions with arg. spec. 'm' on
. line 256.
.................................................
Variant \prop_gput:cnV already defined; not changing it on line 582
Variant \prop_gput:cnx already defined; not changing it on line 583
\l_fontspec_tmp_int=\count145
LaTeX Info: Redefining \itshape on input line 2091.
LaTeX Info: Redefining \slshape on input line 2096.
LaTeX Info: Redefining \scshape on input line 2101.
LaTeX Info: Redefining \upshape on input line 2106.

("C:\Program Files (x86)\MiKTeX 2.9\tex\latex\fontspec\fontspec.cfg")))
("C:\Program Files (x86)\MiKTeX 2.9\tex\latex\booktabs\booktabs.sty"
Package: booktabs 2005/04/14 v1.61803 publication quality tables
\heavyrulewidth=\dimen151
\lightrulewidth=\dimen152
\cmidrulewidth=\dimen153
\belowrulesep=\dimen154
\belowbottomsep=\dimen155
\aboverulesep=\dimen156
\abovetopsep=\dimen157
\cmidrulesep=\dimen158
\cmidrulekern=\dimen159
\defaultaddspace=\dimen160
\@cmidla=\count146
\@cmidlb=\count147
\@aboverulesep=\dimen161
\@belowrulesep=\dimen162
\@thisruleclass=\count148
\@lastruleclass=\count149
\@thisrulewidth=\dimen163
)
("C:\Program Files (x86)\MiKTeX 2.9\tex\latex\amsmath\amsmath.sty"
Package: amsmath 2013/01/14 v2.14 AMS math features
\@mathmargin=\skip61

For additional information on amsmath, use the `?' option.
("C:\Program Files (x86)\MiKTeX 2.9\tex\latex\amsmath\amstext.sty"
Package: amstext 2000/06/29 v2.01

("C:\Program Files (x86)\MiKTeX 2.9\tex\latex\amsmath\amsgen.sty"
File: amsgen.sty 1999/11/30 v2.0
\@emptytoks=\toks27
\ex@=\dimen164
))
("C:\Program Files (x86)\MiKTeX 2.9\tex\latex\amsmath\amsbsy.sty"
Package: amsbsy 1999/11/29 v1.2d
\pmbraise@=\dimen165
)
("C:\Program Files (x86)\MiKTeX 2.9\tex\latex\amsmath\amsopn.sty"
Package: amsopn 1999/12/14 v2.01 operator names
)
\inf@bad=\count150
LaTeX Info: Redefining \frac on input line 210.
\uproot@=\count151
\leftroot@=\count152
LaTeX Info: Redefining \overline on input line 306.
\classnum@=\count153
\DOTSCASE@=\count154
LaTeX Info: Redefining \ldots on input line 378.
LaTeX Info: Redefining \dots on input line 381.
LaTeX Info: Redefining \cdots on input line 466.
\Mathstrutbox@=\box44
\strutbox@=\box45
\big@size=\dimen166
LaTeX Font Info:    Redeclaring font encoding OML on input line 566.
LaTeX Font Info:    Redeclaring font encoding OMS on input line 567.
\macc@depth=\count155
\c@MaxMatrixCols=\count156
\dotsspace@=\muskip17
\c@parentequation=\count157
\dspbrk@lvl=\count158
\tag@help=\toks28
\row@=\count159
\column@=\count160
\maxfields@=\count161
\andhelp@=\toks29
\eqnshift@=\dimen167
\alignsep@=\dimen168
\tagshift@=\dimen169
\tagwidth@=\dimen170
\totwidth@=\dimen171
\lineht@=\dimen172
\@envbody=\toks30
\multlinegap=\skip62
\multlinetaggap=\skip63
\mathdisplay@stack=\toks31
LaTeX Info: Redefining \[ on input line 2665.
LaTeX Info: Redefining \] on input line 2666.
)
("C:\Program Files (x86)\MiKTeX 2.9\tex\latex\t2\mathtext.sty"
Package: mathtext 1999/01/28 v1.0 transparent text-and-math defs
LaTeX Info: Redefining \halign on input line 111.
)
("C:\Program Files (x86)\MiKTeX 2.9\tex\latex\tools\tabularx.sty"
Package: tabularx 1999/01/07 v2.07 `tabularx' package (DPC)
\TX@col@width=\dimen173
\TX@old@table=\dimen174
\TX@old@col=\dimen175
\TX@target=\dimen176
\TX@delta=\dimen177
\TX@cols=\count162
\TX@ftn=\toks32
)
("C:\Program Files (x86)\MiKTeX 2.9\tex\latex\tools\longtable.sty"
Package: longtable 2004/02/01 v4.11 Multi-page Table package (DPC)
\LTleft=\skip64
\LTright=\skip65
\LTpre=\skip66
\LTpost=\skip67
\LTchunksize=\count163
\LTcapwidth=\dimen178
\LT@head=\box46
\LT@firsthead=\box47
\LT@foot=\box48
\LT@lastfoot=\box49
\LT@cols=\count164
\LT@rows=\count165
\c@LT@tables=\count166
\c@LT@chunks=\count167
\LT@p@ftn=\toks33
)
("C:\Program Files (x86)\MiKTeX 2.9\tex\latex\spverbatim\spverbatim.sty"
Package: spverbatim 2009/08/10 v1.0 Verbatim with breakable spaces
)
("C:\Program Files (x86)\MiKTeX 2.9\tex\latex\base\t1enc.dfu"
File: t1enc.dfu 2008/04/05 v1.1m UTF-8 support for inputenc
)
("C:\Program Files (x86)\MiKTeX 2.9\tex\latex\base\t2aenc.dfu"
File: t2aenc.dfu 2008/04/05 v1.1m UTF-8 support for inputenc
)
\g__file_internal_ior=\read2
Requested font "Arial Unicode MS" at 10.0pt
 -> C:/Windows/Fonts/ARIALUNI.TTF
Requested font "Arial Unicode MS/ICU" at 10.0pt
 -> C:/Windows/Fonts/ARIALUNI.TTF
.................................................
. fontspec info: "no-scripts"
. 
. Font Arial Unicode MS does not contain any OpenType `Script' information.
.................................................
\g_fontspec_family_Arial Unicode MS_int=\count168
Requested font "Arial Unicode MS/B/ICU" at 10.0pt
 -> C:/Windows/Fonts/ARIALUNI.TTF
.................................................
. fontspec info: "no-font-shape"
. 
. Could not resolve font Arial Unicode MS/B (it probably doesn't exist).
.................................................
Requested font "Arial Unicode MS/I/ICU" at 10.0pt
 -> C:/Windows/Fonts/ARIALUNI.TTF
.................................................
. fontspec info: "no-font-shape"
. 
. Could not resolve font Arial Unicode MS/I (it probably doesn't exist).
.................................................
Requested font "Arial Unicode MS/BI/ICU" at 10.0pt
 -> C:/Windows/Fonts/ARIALUNI.TTF
.................................................
. fontspec info: "no-font-shape"
. 
. Could not resolve font Arial Unicode MS/BI (it probably doesn't exist).
.................................................
.................................................
. fontspec info: "defining-font"
. 
. Font family 'ArialUnicodeMS(0)' created for font 'Arial Unicode MS' with
. options [].
. 
. This font family consists of the following shapes:
. 
. * 'normal' with NFSS spec.:
. <->"Arial Unicode MS/ICU:"
.................................................
Requested font "Courier" at 10.0pt
 -> C:/Program Files (x86)/MiKTeX 2.9/fonts/type1/adobe/courier/pcrr8a.pfb
Requested font "Courier/ICU" at 10.0pt
 -> C:/Program Files (x86)/MiKTeX 2.9/fonts/type1/adobe/courier/pcrr8a.pfb
.................................................
. fontspec info: "no-scripts"
. 
. Font Courier does not contain any OpenType `Script' information.
.................................................
\g_fontspec_family_Courier_int=\count169
Requested font "Courier/ICU" at 10.0pt
 -> C:/Program Files (x86)/MiKTeX 2.9/fonts/type1/adobe/courier/pcrr8a.pfb
Requested font "Courier/ICU" at 10.0pt
 -> C:/Program Files (x86)/MiKTeX 2.9/fonts/type1/adobe/courier/pcrr8a.pfb
Requested font "Courier/B/ICU" at 10.0pt
 -> C:/Program Files (x86)/MiKTeX 2.9/fonts/type1/adobe/courier/pcrb8a.pfb
Requested font "Courier/B/ICU" at 10.0pt
 -> C:/Program Files (x86)/MiKTeX 2.9/fonts/type1/adobe/courier/pcrb8a.pfb
Requested font "Courier/ICU" at 10.0pt
 -> C:/Program Files (x86)/MiKTeX 2.9/fonts/type1/adobe/courier/pcrr8a.pfb
Requested font "Courier/I/ICU" at 10.0pt
 -> C:/Program Files (x86)/MiKTeX 2.9/fonts/type1/adobe/courier/pcri8a.pfb
Requested font "Courier/I/ICU" at 10.0pt
 -> C:/Program Files (x86)/MiKTeX 2.9/fonts/type1/adobe/courier/pcri8a.pfb
Requested font "Courier/ICU" at 10.0pt
 -> C:/Program Files (x86)/MiKTeX 2.9/fonts/type1/adobe/courier/pcrr8a.pfb
Requested font "Courier/BI/ICU" at 10.0pt
 -> C:/Program Files (x86)/MiKTeX 2.9/fonts/type1/adobe/courier/pcrbo8a.pfb
Requested font "Courier/BI/ICU" at 10.0pt
 -> C:/Program Files (x86)/MiKTeX 2.9/fonts/type1/adobe/courier/pcrbo8a.pfb
.................................................
. fontspec info: "defining-font"
. 
. Font family 'Courier(0)' created for font 'Courier' with options [].
. 
. This font family consists of the following shapes:
. 
. * 'normal' with NFSS spec.:
. <->"Courier/ICU:"
. 
. * 'bold' with NFSS spec.:
. <->"Courier/B/ICU:"
. 
. * 'italic' with NFSS spec.:
. <->"Courier/I/ICU:"
. 
. * 'bold italic' with NFSS spec.:
. <->"Courier/BI/ICU:"
.................................................

("C:\Program Files (x86)\MiKTeX 2.9\tex\latex\float\float.sty"
Package: float 2001/11/08 v1.3d Float enhancements (AL)
\c@float@type=\count170
\float@exts=\toks34
\float@box=\box50
\@float@everytoks=\toks35
\@floatcapt=\box51
)
\@float@every@figure=\toks36

(C:\Users\Artie\git\mathmlexplorerweb\docs\thesis\main_doc.aux
(C:\Users\Artie\git\mathmlexplorerweb\docs\thesis\titre.aux)
(C:\Users\Artie\git\mathmlexplorerweb\docs\thesis\chap-introduction.aux)
(C:\Users\Artie\git\mathmlexplorerweb\docs\thesis\chap-theoretical_background.a
ux)
(C:\Users\Artie\git\mathmlexplorerweb\docs\thesis\chap-technical_considerations
.aux) (C:\Users\Artie\git\mathmlexplorerweb\docs\thesis\chap-related_work.aux)
(C:\Users\Artie\git\mathmlexplorerweb\docs\thesis\chap-cern_math_explorer.aux)
(C:\Users\Artie\git\mathmlexplorerweb\docs\thesis\chap-advanced_techniques.aux)
(C:\Users\Artie\git\mathmlexplorerweb\docs\thesis\chap-evaluation.aux

LaTeX Warning: Label `loose_precision' multiply defined.

) (C:\Users\Artie\git\mathmlexplorerweb\docs\thesis\chap-conclusions.aux)
(C:\Users\Artie\git\mathmlexplorerweb\docs\thesis\chap-future_work.aux)
(C:\Users\Artie\git\mathmlexplorerweb\docs\thesis\appendix-conf_files.aux)
(C:\Users\Artie\git\mathmlexplorerweb\docs\thesis\appendix-test_equations.aux)
(C:\Users\Artie\git\mathmlexplorerweb\docs\thesis\appendix-uml.aux

LaTeX Warning: Label `uml_filters' multiply defined.


LaTeX Warning: Label `uml_filters' multiply defined.

))
LaTeX Font Info:    Checking defaults for OML/cmm/m/it on input line 125.
LaTeX Font Info:    ... okay on input line 125.
LaTeX Font Info:    Checking defaults for T1/cmr/m/n on input line 125.
LaTeX Font Info:    ... okay on input line 125.
LaTeX Font Info:    Checking defaults for OT1/cmr/m/n on input line 125.
LaTeX Font Info:    ... okay on input line 125.
LaTeX Font Info:    Checking defaults for OMS/cmsy/m/n on input line 125.
LaTeX Font Info:    ... okay on input line 125.
LaTeX Font Info:    Checking defaults for OMX/cmex/m/n on input line 125.
LaTeX Font Info:    ... okay on input line 125.
LaTeX Font Info:    Checking defaults for U/cmr/m/n on input line 125.
LaTeX Font Info:    ... okay on input line 125.
LaTeX Font Info:    Checking defaults for OT2/cmr/m/n on input line 125.
LaTeX Font Info:    Try loading font information for OT2+cmr on input line 125.

 ("C:\Program Files (x86)\MiKTeX 2.9\tex\latex\cyrillic\ot2cmr.fd"
File: ot2cmr.fd 2001/08/11 v3.2c Computer Modern Cyrillic font definitions
)
LaTeX Font Info:    ... okay on input line 125.
LaTeX Font Info:    Checking defaults for TS1/cmr/m/n on input line 125.
LaTeX Font Info:    Try loading font information for TS1+cmr on input line 125.


("C:\Program Files (x86)\MiKTeX 2.9\tex\latex\base\ts1cmr.fd"
File: ts1cmr.fd 1999/05/25 v2.5h Standard LaTeX font definitions
)
LaTeX Font Info:    ... okay on input line 125.
LaTeX Font Info:    Checking defaults for PD1/pdf/m/n on input line 125.
LaTeX Font Info:    ... okay on input line 125.
LaTeX Font Info:    Checking defaults for PU/pdf/m/n on input line 125.
LaTeX Font Info:    ... okay on input line 125.
LaTeX Font Info:    Checking defaults for EU1/lmr/m/n on input line 125.
LaTeX Font Info:    ... okay on input line 125.
LaTeX Font Info:    Checking defaults for T3/cmr/m/n on input line 125.
LaTeX Font Info:    Try loading font information for T3+cmr on input line 125.

("C:\Program Files (x86)\MiKTeX 2.9\tex\latex\tipa\t3cmr.fd"
File: t3cmr.fd 2001/12/31 TIPA font definitions
)
LaTeX Font Info:    ... okay on input line 125.
Requested font "[lmroman12-regular]:mapping=tex-text" at 12.0pt
 -> C:/Program Files (x86)/MiKTeX 2.9/fonts/opentype/public/lm/lmroman12-regula
r.otf

("C:\Program Files (x86)\MiKTeX 2.9\tex\latex\ucs\ucsencs.def"
File: ucsencs.def 2011/01/21 Fixes to fontencodings LGR, T3
T3\textscriptg already defined.

fontencoding T3 patched
)
\c@lstlisting=\count171
\AtBeginShipoutBox=\box52
Package hyperref Info: Link coloring OFF on input line 125.
 ("C:\Program Files (x86)\MiKTeX 2.9\tex\latex\hyperref\nameref.sty"
Package: nameref 2012/10/27 v2.43 Cross-referencing by name of section

("C:\Program Files (x86)\MiKTeX 2.9\tex\generic\oberdiek\gettitlestring.sty"
Package: gettitlestring 2010/12/03 v1.4 Cleanup title references (HO)
)
\c@section@level=\count172
)
LaTeX Info: Redefining \ref on input line 125.
LaTeX Info: Redefining \pageref on input line 125.
LaTeX Info: Redefining \nameref on input line 125.

(C:\Users\Artie\git\mathmlexplorerweb\docs\thesis\main_doc.out)
(C:\Users\Artie\git\mathmlexplorerweb\docs\thesis\main_doc.out)
\@outlinefile=\write3

*** you should *not* be loading the inputenc package
*** XeTeX expects the source to be in UTF8 encoding
*** some features of other encodings may conflict, resulting in poor output.
.................................................
. fontspec info: "setup-math"
. 
. Adjusting the maths setup (use [no-math] to avoid this).
.................................................
\symlegacymaths=\mathgroup6
LaTeX Font Info:    Overwriting symbol font `legacymaths' in version `bold'
(Font)                  OT1/cmr/m/n --> OT1/cmr/bx/n on input line 125.
LaTeX Font Info:    Redeclaring math accent \acute on input line 125.
LaTeX Font Info:    Redeclaring math accent \grave on input line 125.
LaTeX Font Info:    Redeclaring math accent \ddot on input line 125.
LaTeX Font Info:    Redeclaring math accent \tilde on input line 125.
LaTeX Font Info:    Redeclaring math accent \bar on input line 125.
LaTeX Font Info:    Redeclaring math accent \breve on input line 125.
LaTeX Font Info:    Redeclaring math accent \check on input line 125.
LaTeX Font Info:    Redeclaring math accent \hat on input line 125.
LaTeX Font Info:    Redeclaring math accent \dot on input line 125.
LaTeX Font Info:    Redeclaring math accent \mathring on input line 125.
LaTeX Font Info:    Redeclaring math symbol \Gamma on input line 125.
LaTeX Font Info:    Redeclaring math symbol \Delta on input line 125.
LaTeX Font Info:    Redeclaring math symbol \Theta on input line 125.
LaTeX Font Info:    Redeclaring math symbol \Lambda on input line 125.
LaTeX Font Info:    Redeclaring math symbol \Xi on input line 125.
LaTeX Font Info:    Redeclaring math symbol \Pi on input line 125.
LaTeX Font Info:    Redeclaring math symbol \Sigma on input line 125.
LaTeX Font Info:    Redeclaring math symbol \Upsilon on input line 125.
LaTeX Font Info:    Redeclaring math symbol \Phi on input line 125.
LaTeX Font Info:    Redeclaring math symbol \Psi on input line 125.
LaTeX Font Info:    Redeclaring math symbol \Omega on input line 125.
LaTeX Font Info:    Redeclaring math symbol \mathdollar on input line 125.
LaTeX Font Info:    Redeclaring symbol font `operators' on input line 125.
LaTeX Font Info:    Encoding `OT1' has changed to `EU1' for symbol font
(Font)              `operators' in the math version `normal' on input line 125.

LaTeX Font Info:    Overwriting symbol font `operators' in version `normal'
(Font)                  OT1/cmr/m/n --> EU1/lmr/m/n on input line 125.
LaTeX Font Info:    Encoding `OT1' has changed to `EU1' for symbol font
(Font)              `operators' in the math version `bold' on input line 125.
LaTeX Font Info:    Overwriting symbol font `operators' in version `bold'
(Font)                  OT1/cmr/bx/n --> EU1/lmr/m/n on input line 125.
LaTeX Font Info:    Overwriting symbol font `operators' in version `normal'
(Font)                  EU1/lmr/m/n --> EU1/lmr/m/n on input line 125.
LaTeX Font Info:    Overwriting math alphabet `\mathrm' in version `normal'
(Font)                  EU1/lmr/m/n --> EU1/lmr/m/n on input line 125.
LaTeX Font Info:    Overwriting math alphabet `\mathit' in version `normal'
(Font)                  OT1/cmr/m/it --> EU1/lmr/m/it on input line 125.
LaTeX Font Info:    Overwriting math alphabet `\mathbf' in version `normal'
(Font)                  OT1/cmr/bx/n --> EU1/lmr/bx/n on input line 125.
LaTeX Font Info:    Overwriting math alphabet `\mathsf' in version `normal'
(Font)                  OT1/cmss/m/n --> EU1/lmss/m/n on input line 125.
LaTeX Font Info:    Overwriting math alphabet `\mathtt' in version `normal'
(Font)                  OT1/cmtt/m/n --> EU1/lmtt/m/n on input line 125.
LaTeX Font Info:    Overwriting symbol font `operators' in version `bold'
(Font)                  EU1/lmr/m/n --> EU1/lmr/bx/n on input line 125.
LaTeX Font Info:    Overwriting math alphabet `\mathrm' in version `bold'
(Font)                  EU1/lmr/m/n --> EU1/lmr/bx/n on input line 125.
LaTeX Font Info:    Overwriting math alphabet `\mathit' in version `bold'
(Font)                  OT1/cmr/bx/it --> EU1/lmr/bx/it on input line 125.
LaTeX Font Info:    Overwriting math alphabet `\mathsf' in version `bold'
(Font)                  OT1/cmss/bx/n --> EU1/lmss/bx/n on input line 125.
LaTeX Font Info:    Overwriting math alphabet `\mathtt' in version `bold'
(Font)                  OT1/cmtt/m/n --> EU1/lmtt/bx/n on input line 125.
(C:\Users\Artie\git\mathmlexplorerweb\docs\thesis\titre.tex
Requested font "[lmroman7-regular]:mapping=tex-text" at 7.0pt
 -> C:/Program Files (x86)/MiKTeX 2.9/fonts/opentype/public/lm/lmroman7-regular
.otf
Requested font "[lmroman5-regular]:mapping=tex-text" at 5.0pt
 -> C:/Program Files (x86)/MiKTeX 2.9/fonts/opentype/public/lm/lmroman5-regular
.otf
Requested font "cmex7" at 7.0pt
 -> cmex7
Requested font "cmex7" at 5.0pt
 -> cmex7
LaTeX Font Info:    Try loading font information for U+msa on input line 24.

("C:\Program Files (x86)\MiKTeX 2.9\tex\latex\amsfonts\umsa.fd"
File: umsa.fd 2013/01/14 v3.01 AMS symbols A
)
Requested font "msam10" at 10.0pt
 -> msam10
Requested font "msam7" at 7.0pt
 -> msam7
Requested font "msam5" at 5.0pt
 -> msam5
LaTeX Font Info:    Try loading font information for U+msb on input line 24.

("C:\Program Files (x86)\MiKTeX 2.9\tex\latex\amsfonts\umsb.fd"
File: umsb.fd 2013/01/14 v3.01 AMS symbols B
)
Requested font "msbm10" at 10.0pt
 -> msbm10
Requested font "msbm7" at 7.0pt
 -> msbm7
Requested font "msbm5" at 5.0pt
 -> msbm5
Invalid UTF-8 byte or sequence at line 24 replaced by U+FFFD.
Invalid UTF-8 byte or sequence at line 24 replaced by U+FFFD.
Invalid UTF-8 byte or sequence at line 24 replaced by U+FFFD.
Invalid UTF-8 byte or sequence at line 24 replaced by U+FFFD.
Invalid UTF-8 byte or sequence at line 24 replaced by U+FFFD.
Invalid UTF-8 byte or sequence at line 24 replaced by U+FFFD.
File: ./logo/EPFL_LOG_QUADRI_Red.eps Graphic file (type eps)

<./logo/EPFL_LOG_QUADRI_Red.eps>
Overfull \vbox (15.51906pt too high) detected at line 24
 []


Overfull \hbox (49.48256pt too wide) in paragraph at lines 9--25
 [] 
 []

Requested font "[lmroman17-regular]:mapping=tex-text" at 24.88pt
 -> C:/Program Files (x86)/MiKTeX 2.9/fonts/opentype/public/lm/lmroman17-regula
r.otf
Requested font "[lmroman12-bold]:mapping=tex-text" at 24.88pt
 -> C:/Program Files (x86)/MiKTeX 2.9/fonts/opentype/public/lm/lmroman12-bold.o
tf
Requested font "[lmroman17-regular]:mapping=tex-text" at 17.28pt
 -> C:/Program Files (x86)/MiKTeX 2.9/fonts/opentype/public/lm/lmroman17-regula
r.otf
Requested font "[lmroman12-bold]:mapping=tex-text" at 17.28pt
 -> C:/Program Files (x86)/MiKTeX 2.9/fonts/opentype/public/lm/lmroman12-bold.o
tf
Requested font "cmmi12" at 17.28pt
 -> cmmi12
Requested font "cmmi12" at 12.0pt
 -> cmmi12
Requested font "cmsy10" at 17.28pt
 -> cmsy10
Requested font "cmsy10" at 12.0pt
 -> cmsy10
Requested font "cmex10" at 17.28pt
 -> cmex10
Requested font "cmex10" at 12.0pt
 -> cmex10
Requested font "msam10" at 17.28pt
 -> msam10
Requested font "msam10" at 12.0pt
 -> msam10
Requested font "msbm10" at 17.28pt
 -> msbm10
Requested font "msbm10" at 12.0pt
 -> msbm10
Requested font "cmr17" at 17.28pt
 -> cmr17
Requested font "[lmromancaps10-regular]:mapping=tex-text" at 24.88pt
 -> C:/Program Files (x86)/MiKTeX 2.9/fonts/opentype/public/lm/lmromancaps10-re
gular.otf
Requested font "[lmromancaps10-regular]:mapping=tex-text" at 17.28pt
 -> C:/Program Files (x86)/MiKTeX 2.9/fonts/opentype/public/lm/lmromancaps10-re
gular.otf
File: cern_logo1.jpg Graphic file (type QTm)
<use  "cern_logo1.jpg" >
Requested font "[lmroman12-italic]:mapping=tex-text" at 24.88pt
 -> C:/Program Files (x86)/MiKTeX 2.9/fonts/opentype/public/lm/lmroman12-italic
.otf
Requested font "[lmroman12-regular]:mapping=tex-text" at 14.4pt
 -> C:/Program Files (x86)/MiKTeX 2.9/fonts/opentype/public/lm/lmroman12-regula
r.otf

("C:\Program Files (x86)\MiKTeX 2.9\tex\generic\oberdiek\se-ascii-print.def"
File: se-ascii-print.def 2011/12/02 v1.10 stringenc: Printable ASCII characters

)
[1



]) [2] (C:\Users\Artie\git\mathmlexplorerweb\docs\thesis\main_doc.toc
Requested font "[lmroman12-bold]:mapping=tex-text" at 12.0pt
 -> C:/Program Files (x86)/MiKTeX 2.9/fonts/opentype/public/lm/lmroman12-bold.o
tf
Requested font "[lmroman8-regular]:mapping=tex-text" at 8.0pt
 -> C:/Program Files (x86)/MiKTeX 2.9/fonts/opentype/public/lm/lmroman8-regular
.otf
Requested font "[lmroman6-regular]:mapping=tex-text" at 6.0pt
 -> C:/Program Files (x86)/MiKTeX 2.9/fonts/opentype/public/lm/lmroman6-regular
.otf
Requested font "cmmi8" at 8.0pt
 -> cmmi8
Requested font "cmmi6" at 6.0pt
 -> cmmi6
Requested font "cmsy8" at 8.0pt
 -> cmsy8
Requested font "cmsy6" at 6.0pt
 -> cmsy6
Requested font "cmex8" at 8.0pt
 -> cmex8
Requested font "cmex7" at 6.0pt
 -> cmex7
Requested font "msam10" at 8.0pt
 -> msam10
Requested font "msam7" at 6.0pt
 -> msam7
Requested font "msbm10" at 8.0pt
 -> msbm10
Requested font "msbm7" at 6.0pt
 -> msbm7
Requested font "cmr8" at 8.0pt
 -> cmr8
Requested font "cmr6" at 6.0pt
 -> cmr6


Package Fancyhdr Warning: \headheight is too small (12.0pt): 
 Make it at least 14.49998pt.
 We now make it that large for the rest of the document.
 This may cause the page layout to be inconsistent, however.

[1


])
\tf@toc=\write4
 [2] (C:\Users\Artie\git\mathmlexplorerweb\docs\thesis\main_doc.lof
Requested font "[lmroman10-regular]:mapping=tex-text" at 10.95pt
 -> C:/Program Files (x86)/MiKTeX 2.9/fonts/opentype/public/lm/lmroman10-regula
r.otf
Requested font "Courier/ICU:" at 10.95pt
 -> C:/Program Files (x86)/MiKTeX 2.9/fonts/type1/adobe/courier/pcrr8a.pfb

Overfull \hbox (51.09196pt too wide) in paragraph at lines 21--21
 [][] [][]\EU1/lmr/m/n/12 Overview of \EU1/Courier(0)/m/n/10.95 cern.ch.mathexp
lorer.lucene.analysis.analyzers 
 []


Overfull \hbox (57.66197pt too wide) in paragraph at lines 22--22
 [][] [][]\EU1/lmr/m/n/12 Overview of \EU1/Courier(0)/m/n/10.95 cern.ch.mathexp
lorer.lucene.analysis.tokenizers 
 []


Overfull \hbox (37.95195pt too wide) in paragraph at lines 23--23
 [][] [][]\EU1/lmr/m/n/12 Overview of \EU1/Courier(0)/m/n/10.95 cern.ch.mathexp
lorer.lucene.analysis.filters 
 []

)
\tf@lof=\write5
 [3

] [4

] (C:\Users\Artie\git\mathmlexplorerweb\docs\thesis\main_doc.lot)
\tf@lot=\write6

[5] (C:\Users\Artie\git\mathmlexplorerweb\docs\thesis\chap-introduction.tex
[6


]
Chapter 1.
Requested font "[lmroman12-bold]:mapping=tex-text" at 14.4pt
 -> C:/Program Files (x86)/MiKTeX 2.9/fonts/opentype/public/lm/lmroman12-bold.o
tf
[7]
File: figures/cds_screenshot.png Graphic file (type QTm)
 <use  "figures/cds_screenshot.png" >

LaTeX Warning: Citation `invenio_modules' on page 8 undefined on input line 24.


File: figures/invenio.jpeg Graphic file (type QTm)
<use  "figures/invenio.jpeg" >
Requested font "[lmroman12-italic]:mapping=tex-text" at 12.0pt
 -> C:/Program Files (x86)/MiKTeX 2.9/fonts/opentype/public/lm/lmroman12-italic
.otf
 [8] [9]) [10]
(C:\Users\Artie\git\mathmlexplorerweb\docs\thesis\chap-theoretical_background.t
ex
Chapter 2.
[11



]
Overfull \hbox (33.41919pt too wide) detected at line 20
\OML/cmm/m/it/12 score\OT1/cmr/m/n/12 (\OML/cmm/m/it/12 d; q\OT1/cmr/m/n/12 ) =
 \OML/cmm/m/it/12 cos^^R\OT1/cmr/m/n/12 (\OML/cmm/m/it/12 d; q\OT1/cmr/m/n/12 )
 = [] = []
 []

[12] [13]
Underfull \hbox (badness 10000) in paragraph at lines 61--68

 []

[14]
Overfull \hbox (35.58633pt too wide) in paragraph at lines 86--86
[] 
 []

) [15]
(C:\Users\Artie\git\mathmlexplorerweb\docs\thesis\chap-technical_considerations
.tex [16



]
Chapter 3.
[17]
Requested font "[lmroman8-bold]:mapping=tex-text" at 8.0pt
 -> C:/Program Files (x86)/MiKTeX 2.9/fonts/opentype/public/lm/lmroman8-bold.ot
f
LaTeX Font Info:    Try loading font information for EU1+lmtt on input line 27.

 ("C:\Program Files (x86)\MiKTeX 2.9\tex\latex\euenc\eu1lmtt.fd"
File: eu1lmtt.fd 2009/10/30 v1.6 Font defs for Latin Modern
)
Requested font "[lmmono10-regular]" at 10.95pt
 -> C:/Program Files (x86)/MiKTeX 2.9/fonts/opentype/public/lm/lmmono10-regular
.otf

Underfull \hbox (badness 10000) in paragraph at lines 27--28
[]|[][][][][][][][][][][][][][][][][][][][][]
 []


Underfull \hbox (badness 10000) in paragraph at lines 27--28
[][][][][][][][][][][][][][][][][][][][][][]
 []

Requested font "Courier/ICU:" at 8.0pt
 -> C:/Program Files (x86)/MiKTeX 2.9/fonts/type1/adobe/courier/pcrr8a.pfb
Requested font "Arial Unicode MS/ICU:" at 8.0pt
 -> C:/Windows/Fonts/ARIALUNI.TTF

Overfull \hbox (72.56491pt too wide) in alignment at lines 20--42
 [] [] [] [] 
 []


Underfull \vbox (badness 10000) detected at line 42
 []

[18]
Overfull \hbox (5.30113pt too wide) in paragraph at lines 68--68
 []|\EU1/lmr/m/n/12 0.7.9alpha| 
 []


Overfull \hbox (15.72876pt too wide) in paragraph at lines 72--72
 []|\EU1/lmr/m/n/12 L[]T[]X(Small 
 []


Overfull \hbox (18.25221pt too wide) in paragraph at lines 74--74
[]|\EU1/lmr/m/n/12 LaTeXmathML[[]]| 
 []


Overfull \hbox (4.5722pt too wide) in paragraph at lines 76--76
[]|\EU1/lmr/m/n/12 Maxtract[[]][[]]| 
 []


Overfull \hbox (17.7842pt too wide) in paragraph at lines 78--78
[]|\EU1/lmr/m/n/12 InftyReader[[]][[]]| 
 []


Overfull \hbox (5.88522pt too wide) in paragraph at lines 78--78
 []|\EU1/lmr/m/n/12 Commercial| 
 []


Overfull \hbox (77.0435pt too wide) in alignment at lines 64--83
 [] [] [] [] [] [] [] [] 
 []


Underfull \vbox (badness 10000) detected at line 83
 []

[19] [20]
Overfull \hbox (16.88113pt too wide) in paragraph at lines 105--105
 []|\EU1/lmr/bx/n/12 Expression 
 []


Overfull \hbox (6.07724pt too wide) in paragraph at lines 108--110
 []|\EU1/lmr/bx/n/12 Supported 
 []


Overfull \hbox (14.42113pt too wide) in paragraph at lines 111--111
 []|\EU1/lmr/m/n/12 Commercial| 
 []


Underfull \hbox (badness 10000) in paragraph at lines 112--112
[]|\EU1/lmr/m/n/12 MatLab
 []


Underfull \hbox (badness 10000) in paragraph at lines 112--112
\EU1/lmr/m/n/12 (Symbolic
 []


Underfull \hbox (badness 10000) in paragraph at lines 112--112
\EU1/lmr/m/n/12 Math
 []


Overfull \hbox (12.1305pt too wide) in paragraph at lines 112--112
 []|\EU1/lmr/m/n/12 Experimental| 
 []


Overfull \hbox (14.42113pt too wide) in paragraph at lines 112--112
 []|\EU1/lmr/m/n/12 Commercial| 
 []


Overfull \hbox (10.6665pt too wide) in paragraph at lines 113--113
[]|\EU1/lmr/m/n/12 Mathematica| 
 []


Overfull \hbox (14.42113pt too wide) in paragraph at lines 113--113
 []|\EU1/lmr/m/n/12 Commercial| 
 []


Overfull \hbox (12.1305pt too wide) in paragraph at lines 114--114
 []|\EU1/lmr/m/n/12 Experimental| 
 []


Underfull \vbox (badness 10000) detected at line 119
 []

) [21] (C:\Users\Artie\git\mathmlexplorerweb\docs\thesis\chap-related_work.tex
[22



]
Chapter 4.

LaTeX Warning: Citation `mir_worksop' on page 23 undefined on input line 6.


Underfull \vbox (badness 10000) has occurred while \output is active []

 [23]
Requested font "cmmi10" at 10.95pt
 -> cmmi10
Requested font "cmsy10" at 10.95pt
 -> cmsy10
Requested font "cmex10" at 10.95pt
 -> cmex10
Requested font "msam10" at 10.95pt
 -> msam10
Requested font "msbm10" at 10.95pt
 -> msbm10
Requested font "cmr10" at 10.95pt
 -> cmr10

[24]

LaTeX Warning: Citation `dlmf' on page 25 undefined on input line 28.


Underfull \vbox (badness 4846) has occurred while \output is active []

 [25]

LaTeX Warning: Citation `wolframalpha' on page 26 undefined on input line 37.

) [26]
(C:\Users\Artie\git\mathmlexplorerweb\docs\thesis\chap-cern_math_explorer.tex
Chapter 5.

Package hyperref Warning: Token not allowed in a PDF string (Unicode):
(hyperref)                removing `math shift' on input line 1.


Package hyperref Warning: Token not allowed in a PDF string (Unicode):
(hyperref)                removing `superscript' on input line 1.


Package hyperref Warning: Token not allowed in a PDF string (Unicode):
(hyperref)                removing `math shift' on input line 1.

Requested font "[lmroman17-regular]:mapping=tex-text" at 20.74pt
 -> C:/Program Files (x86)/MiKTeX 2.9/fonts/opentype/public/lm/lmroman17-regula
r.otf
Requested font "cmmi12" at 24.88pt
 -> cmmi12
Requested font "cmmi12" at 20.74pt
 -> cmmi12
Requested font "cmsy10" at 24.88pt
 -> cmsy10
Requested font "cmsy10" at 20.74pt
 -> cmsy10
Requested font "cmex10" at 24.88pt
 -> cmex10
Requested font "cmex10" at 20.74pt
 -> cmex10
Requested font "msam10" at 24.88pt
 -> msam10
Requested font "msam10" at 20.74pt
 -> msam10
Requested font "msbm10" at 24.88pt
 -> msbm10
Requested font "msbm10" at 20.74pt
 -> msbm10
Requested font "cmr17" at 24.88pt
 -> cmr17
Requested font "cmr17" at 20.74pt
 -> cmr17
[27



]
Requested font "Arial Unicode MS/ICU:" at 12.0pt
 -> C:/Windows/Fonts/ARIALUNI.TTF

Underfull \hbox (badness 10000) in paragraph at lines 31--31
[]|\EU1/lmr/m/n/12 LATIN CAPITAL
 []


Underfull \hbox (badness 10000) in paragraph at lines 33--33
[]|\EU1/lmr/m/n/12 LATIN CAPITAL
 []


Underfull \hbox (badness 5231) in paragraph at lines 33--33
\EU1/lmr/m/n/12 LETTER A WITH
 []


Underfull \hbox (badness 10000) in paragraph at lines 35--35
[]|\EU1/lmr/m/n/12 LATIN CAPITAL
 []


Underfull \hbox (badness 5231) in paragraph at lines 35--35
\EU1/lmr/m/n/12 LETTER A WITH
 []


Underfull \hbox (badness 10000) in paragraph at lines 37--37
[]|\EU1/lmr/m/n/12 ANGSTROM SIGN
 []


Underfull \hbox (badness 10000) in paragraph at lines 39--39
[]|\EU1/lmr/m/n/12 LATIN CAPITAL
 []


Underfull \hbox (badness 10000) in paragraph at lines 43--43
[]|\EU1/lmr/m/n/12 LATIN CAPITAL
 []


Underfull \hbox (badness 10000) in paragraph at lines 45--45
[]|\EU1/lmr/m/n/12 DOUBLE-STRUCK
 []


Underfull \hbox (badness 10000) in paragraph at lines 47--47
[]|\EU1/lmr/m/n/12 LATIN CAPITAL
 []


Underfull \hbox (badness 10000) in paragraph at lines 49--49
[]|\EU1/lmr/m/n/12 MATHEMATICAL
 []


Underfull \hbox (badness 10000) in paragraph at lines 53--53
[]|\EU1/lmr/m/n/12 LATIN CAPITAL
 []


Underfull \hbox (badness 6300) in paragraph at lines 53--53
\EU1/lmr/m/n/12 CAPITAL LETTER
 []


Underfull \hbox (badness 10000) in paragraph at lines 55--55
[]|\EU1/lmr/m/n/12 VULGAR FRAC-
 []


Underfull \hbox (badness 1694) in paragraph at lines 55--55
\EU1/lmr/m/n/12 TION ONE QUAR-
 []


Overfull \hbox (3.68114pt too wide) in paragraph at lines 55--55
 \EU1/lmr/m/n/12 0x2044(/) 
 []


Underfull \hbox (badness 10000) in paragraph at lines 57--57
[]|\EU1/lmr/m/n/12 DIGIT ONE -
 []


Underfull \hbox (badness 10000) in paragraph at lines 59--59
[]|\EU1/lmr/m/n/12 DIGIT ONE -
 []


Underfull \hbox (badness 10000) in paragraph at lines 61--61
\EU1/lmr/m/n/12 TION SLASH -
 []


Underfull \hbox (badness 10000) in paragraph at lines 67--67
[]|\EU1/lmr/m/n/12 LATIN CAPITAL
 []


Underfull \hbox (badness 10000) in paragraph at lines 71--71
[]|\EU1/lmr/m/n/12 PLANCK CON-
 []


Underfull \hbox (badness 10000) in paragraph at lines 75--75
[]|\EU1/lmr/m/n/12 PLANCK CON-
 []


Underfull \hbox (badness 10000) in paragraph at lines 77--77
[]|\EU1/lmr/m/n/12 LATIN SMALL
 []


Underfull \hbox (badness 5231) in paragraph at lines 77--77
\EU1/lmr/m/n/12 LETTER H WITH
 []


Underfull \hbox (badness 10000) in paragraph at lines 79--79
[]|\EU1/lmr/m/n/12 GREEK CAPITAL
 []


Underfull \hbox (badness 10000) in paragraph at lines 85--85
[]|\EU1/lmr/m/n/12 DOUBLE INTE-
 []


Underfull \hbox (badness 10000) in paragraph at lines 87--87
[]|\EU1/lmr/m/n/12 CONTOUR INTE-
 []


Underfull \hbox (badness 10000) in paragraph at lines 91--91
[]|\EU1/lmr/m/n/12 WHITE DOWN-
 []


Underfull \hbox (badness 3000) in paragraph at lines 91--91
\EU1/lmr/m/n/12 POINTING TRIAN-
 []


Overfull \hbox (47.5717pt too wide) in alignment at lines 27--96
 [] [] [] [] [] [] 
 []


Underfull \vbox (badness 10000) detected at line 96
 []

[28] [29] [30] [31]
Underfull \hbox (badness 10000) in paragraph at lines 103--106
\EU1/lmr/m/n/12 is expanded into <mo>\EU1/ArialUnicodeMS(0)/m/n/12 \EU1/lmr/
m/n/12 </mo><mo>INTEGRALS</mo>,
 []


Underfull \hbox (badness 10000) in paragraph at lines 103--106
\EU1/lmr/m/n/12 similarly the token token <mo>\EU1/ArialUnicodeMS(0)/m/n/12 
\EU1/lmr/m/n/12 </mo> is expanded into
 []


Underfull \hbox (badness 1635) in paragraph at lines 103--106
\EU1/lmr/m/n/12 <mo>\EU1/ArialUnicodeMS(0)/m/n/12 \EU1/lmr/m/n/12 </mo><mo>I
NTEGRALS</mo> and then both will have a
 []

File: figures/integrals.png Graphic file (type QTm)
<use  "figures/integrals.png" >
File: figures/greater_less.png Graphic file (type QTm)
 <use  "figures/greater_less.png" >
Underfull \hbox (badness 1270) in paragraph at lines 124--125
\EU1/lmr/m/n/12 measurements and we wanted to include this variability in our s
ys-
 []


Overfull \hbox (9.02411pt too wide) in paragraph at lines 124--125
\EU1/lmr/m/n/12 <mn>2.0135</mn><mn>2.014</mn><mn>2.01</mn><mn>2.0</mn>. 
 []

[32]

LaTeX Warning: Command \textunderscore invalid in math mode on input line 133.


LaTeX Warning: Command \textunderscore invalid in math mode on input line 133.


LaTeX Warning: Command \textunderscore invalid in math mode on input line 133.


LaTeX Warning: Command \textunderscore invalid in math mode on input line 133.


LaTeX Warning: Command \textunderscore invalid in math mode on input line 133.

[33]
Requested font "Courier/ICU:" at 12.0pt
 -> C:/Program Files (x86)/MiKTeX 2.9/fonts/type1/adobe/courier/pcrr8a.pfb
 [34] [35]
Missing character: There is no  in font Courier Regular/ICU!
Missing character: There is no  in font Courier Regular/ICU!
Missing character: There is no  in font Courier Regular/ICU!
Missing character: There is no  in font Courier Regular/ICU!
Missing character: There is no  in font Courier Regular/ICU!
Missing character: There is no  in font Courier Regular/ICU!
Missing character: There is no  in font Courier Regular/ICU!
Missing character: There is no  in font Courier Regular/ICU!
Missing character: There is no  in font Courier Regular/ICU!
Missing character: There is no  in font Courier Regular/ICU!
Missing character: There is no  in font Courier Regular/ICU!
Missing character: There is no  in font Courier Regular/ICU!
Missing character: There is no  in font Courier Regular/ICU!
Missing character: There is no  in font Courier Regular/ICU!
Missing character: There is no  in font Courier Regular/ICU!
Missing character: There is no  in font Courier Regular/ICU!
Missing character: There is no  in font Courier Regular/ICU!
Missing character: There is no  in font Courier Regular/ICU!
Missing character: There is no  in font Courier Regular/ICU!
Missing character: There is no  in font Courier Regular/ICU!
Missing character: There is no  in font Courier Regular/ICU!
Missing character: There is no  in font Courier Regular/ICU!
Missing character: There is no  in font Courier Regular/ICU!
Missing character: There is no  in font Courier Regular/ICU!
Missing character: There is no  in font Courier Regular/ICU!
Missing character: There is no  in font Courier Regular/ICU!
Missing character: There is no  in font Courier Regular/ICU!
Missing character: There is no  in font Courier Regular/ICU!
Missing character: There is no  in font Courier Regular/ICU!
Missing character: There is no  in font Courier Regular/ICU!
Missing character: There is no  in font Courier Regular/ICU!
Missing character: There is no  in font Courier Regular/ICU!
Missing character: There is no  in font Courier Regular/ICU!
Missing character: There is no  in font Courier Regular/ICU!
Missing character: There is no  in font Courier Regular/ICU!
Missing character: There is no  in font Courier Regular/ICU!
Missing character: There is no  in font Courier Regular/ICU!
Missing character: There is no  in font Courier Regular/ICU!
Missing character: There is no  in font Courier Regular/ICU!
Missing character: There is no  in font Courier Regular/ICU!
Missing character: There is no  in font Courier Regular/ICU!
Missing character: There is no  in font Courier Regular/ICU!
Missing character: There is no  in font Courier Regular/ICU!

Overfull \hbox (49.33699pt too wide) in paragraph at lines 183--199
[][] 
 []


Underfull \vbox (badness 10000) has occurred while \output is active []

 [36]
Overfull \vbox (70.7886pt too high) has occurred while \output is active []


[37]
Requested font "[lmmono12-regular]" at 12.0pt
 -> C:/Program Files (x86)/MiKTeX 2.9/fonts/opentype/public/lm/lmmono12-regular
.otf

Underfull \hbox (badness 4805) in paragraph at lines 215--232
\EU1/lmr/m/n/12 A human can easily identify that this corresponds to text and
 []


Underfull \hbox (badness 7649) in paragraph at lines 215--232
\EU1/lmr/m/n/12 that should be inserted into a proper mbox or text 
tag.
 []


Underfull \hbox (badness 4686) in paragraph at lines 215--232
\EU1/lmr/m/n/12 In this case, the snippet produced the following MathML code:
 []


Underfull \hbox (badness 10000) in paragraph at lines 215--232
\EU1/Courier(0)/m/n/10.95 <math><mrow><mi></mi><mo></mo><mrow><mi>a</mi><mo><
/mo>
 []


Underfull \hbox (badness 10000) in paragraph at lines 215--232
\EU1/Courier(0)/m/n/10.95 <mi>r</mi><mo></mo><mi>e</mi></mrow><mo></mo><mrow><m
i>s
 []


Underfull \hbox (badness 10000) in paragraph at lines 215--232
\EU1/Courier(0)/m/n/10.95 </mi><mo></mo><mi>h</mi><mo></mo><mi>o</mi><mo></mo><
mi>
 []


Underfull \hbox (badness 10000) in paragraph at lines 215--232
\EU1/Courier(0)/m/n/10.95 w</mi><mo></mo><mi>n</mi></mrow><mo>,</mo><mrow><mi>a
</m
 []


Underfull \hbox (badness 10000) in paragraph at lines 215--232
\EU1/Courier(0)/m/n/10.95 i><mo></mo><mi>s</mi></mrow><mo></mo><mrow><mi>w</mi>
<mo
 []


Underfull \hbox (badness 10000) in paragraph at lines 215--232
\EU1/Courier(0)/m/n/10.95 ></mo><mi>e</mi><mo></mo><mi>l</mi><mo></mo><mi>l</mi
></
 []


Underfull \hbox (badness 10000) in paragraph at lines 215--232
\EU1/Courier(0)/m/n/10.95 mrow><mo></mo><mrow><mi>a</mi><mo></mo><mi>s</mi></mr
ow>
 []


Underfull \hbox (badness 10000) in paragraph at lines 215--232
\EU1/Courier(0)/m/n/10.95 <mo></mo><mrow><mi>t</mi><mo></mo><mi>h</mi><mo></mo>
<mi
 []


Underfull \hbox (badness 10000) in paragraph at lines 215--232
\EU1/Courier(0)/m/n/10.95 >e</mi></mrow><mo></mo><mrow><mi>w</mi><mo></mo><mi>e
</m
 []


Underfull \hbox (badness 10000) in paragraph at lines 215--232
\EU1/Courier(0)/m/n/10.95 i><mo></mo><mi>i</mi><mo></mo><mi>g</mi><mo></mo><mi>
h</
 []


Underfull \hbox (badness 10000) in paragraph at lines 215--232
\EU1/Courier(0)/m/n/10.95 mi><mo></mo><mi>t</mi></mrow><mo></mo><mrow><mi>a</mi
><m
 []


Underfull \hbox (badness 10000) in paragraph at lines 215--232
\EU1/Courier(0)/m/n/10.95 o></mo><mi>n</mi><mo></mo><mi>d</mi></mrow><mo></mo><
mro
 []


Underfull \hbox (badness 10000) in paragraph at lines 215--232
\EU1/Courier(0)/m/n/10.95 w><mi>t</mi><mo></mo><mi>e</mi><mo></mo><mi>n</mi><mo
></
 []


Underfull \hbox (badness 10000) in paragraph at lines 215--232
\EU1/Courier(0)/m/n/10.95 mo><mi>s</mi><mo></mo><mi>i</mi><mo></mo><mi>o</mi><m
o><
 []

[38]
File: visio_drawings/architecture.png Graphic file (type QTm)
 <use  "visio_drawings/architecture.png" >
File: figures/input_interface.png Graphic file (type QTm)

<use  "figures/input_interface.png" >
Underfull \hbox (badness 10000) in paragraph at lines 253--256
[][]
 []

File: figures/results_interface.png Graphic file (type QTm)
<use  "figures/results_interface.png" >
Underfull \hbox (badness 10000) in paragraph at lines 259--262
[][]
 []

) [39] [40]
(C:\Users\Artie\git\mathmlexplorerweb\docs\thesis\chap-advanced_techniques.tex
Chapter 6.
) [41



] (C:\Users\Artie\git\mathmlexplorerweb\docs\thesis\chap-evaluation.tex
[42



]
Chapter 7.
Requested font "[lmroman10-bold]:mapping=tex-text" at 10.95pt
 -> C:/Program Files (x86)/MiKTeX 2.9/fonts/opentype/public/lm/lmroman10-bold.o
tf

Underfull \vbox (badness 10000) detected at line 27
 []


Underfull \vbox (badness 10000) has occurred while \output is active []

 [43]
Underfull \vbox (badness 10000) detected at line 61
 []


Underfull \vbox (badness 10000) detected at line 75
 []


Underfull \vbox (badness 10000) detected at line 89
 []

[44]
Underfull \hbox (badness 7326) in paragraph at lines 106--106
[]|\EU1/lmr/m/n/10.95 Index Size
 []


Underfull \hbox (badness 10000) in paragraph at lines 106--106
\EU1/lmr/m/n/10.95 per equa-
 []


Underfull \hbox (badness 1552) in paragraph at lines 106--107
[]|\EU1/lmr/m/n/10.95 Avg. size
 []


Underfull \vbox (badness 10000) detected at line 118
 []


Underfull \vbox (badness 10000) has occurred while \output is active []

 [45]
Underfull \vbox (badness 10000) detected at line 156
 []

) [46] (C:\Users\Artie\git\mathmlexplorerweb\docs\thesis\chap-conclusions.tex
Chapter 8.
) [47



] (C:\Users\Artie\git\mathmlexplorerweb\docs\thesis\chap-future_work.tex
[48



]
Chapter 9.

Package hyperref Warning: Difference (2) between bookmark levels is greater 
(hyperref)                than one, level fixed on input line 4.

) [49] (C:\Users\Artie\git\mathmlexplorerweb\docs\thesis\main_doc.bbl [50


]
Requested font "[lmroman10-italic]:mapping=tex-text" at 10.95pt
 -> C:/Program Files (x86)/MiKTeX 2.9/fonts/opentype/public/lm/lmroman10-italic
.otf

[51]
Underfull \hbox (badness 2460) in paragraph at lines 81--83
[]\EU1/lmr/m/n/10.95 A brief description of latexmathml, 2007.  []$[][][][] [] 
[] [] [][][][] [] [][][][] [] [][][] []
 []


Underfull \hbox (badness 1163) in paragraph at lines 118--120
[]\EU1/lmr/m/n/10.95 Ntcir pilot task: Math task, 2013.  []$[][][][] [] [] [] [
][][][][][][][][][][] [] [][][] [] [][] [] [][] []
 []

[52]

LaTeX Warning: Citation `NIST:DLMF' on page 53 undefined on input line 150.


LaTeX Warning: Citation `Olver:2010:NHMF' on page 53 undefined on input line 20
3.

[53]) [54]
(C:\Users\Artie\git\mathmlexplorerweb\docs\thesis\appendix-conf_files.tex
Appendix A.
[55


]) [56]
(C:\Users\Artie\git\mathmlexplorerweb\docs\thesis\appendix-test_equations.tex
Appendix B.
Missing character: There is no  in font Courier Regular/ICU!
Missing character: There is no  in font Courier Regular/ICU!
Missing character: There is no  in font Courier Regular/ICU!
Requested font "[lmroman6-bold]:mapping=tex-text" at 6.0pt
 -> C:/Program Files (x86)/MiKTeX 2.9/fonts/opentype/public/lm/lmroman6-bold.ot
f
Requested font "[lmroman5-bold]:mapping=tex-text" at 5.0pt
 -> C:/Program Files (x86)/MiKTeX 2.9/fonts/opentype/public/lm/lmroman5-bold.ot
f
Missing character: There is no  in font Courier Regular/ICU!
Missing character: There is no  in font Courier Regular/ICU!
Missing character: There is no  in font Courier Regular/ICU!
Missing character: There is no  in font Courier Regular/ICU!
Requested font "[lmroman7-bold]:mapping=tex-text" at 7.0pt
 -> C:/Program Files (x86)/MiKTeX 2.9/fonts/opentype/public/lm/lmroman7-bold.ot
f

Package amsmath Warning: Foreign command \over;
(amsmath)                \frac or \genfrac should be used instead
(amsmath)                 on input line 27.

Missing character: There is no  in font Courier Regular/ICU!
Missing character: There is no  in font Courier Regular/ICU!
Missing character: There is no  in font Courier Regular/ICU!
Missing character: There is no  in font Courier Regular/ICU!
Missing character: There is no  in font Courier Regular/ICU!
Missing character: There is no  in font Courier Regular/ICU!
Missing character: There is no  in font Courier Regular/ICU!
Missing character: There is no  in font Courier Regular/ICU!

Overfull \hbox (2.84898pt too wide) in paragraph at lines 42--42
[]|\EU1/lmr/m/n/10.95 Eq10| 
 []

Missing character: There is no  in font Courier Regular/ICU!
Missing character: There is no  in font Courier Regular/ICU!

Overfull \hbox (85.36855pt too wide) in alignment at lines 7--48
 [] [] [] [] 
 []


Underfull \vbox (badness 10000) detected at line 48
 []

[57



] [58]) [59]
(C:\Users\Artie\git\mathmlexplorerweb\docs\thesis\appendix-uml.tex [60



]
Appendix C.
File: visio_drawings/analyzers.png Graphic file (type QTm)
<use  "visio_drawings/analyzers.png" >
Overfull \hbox (44.6519pt too wide) in paragraph at lines 7--7
[]\EU1/lmr/bx/n/12 Figure C.1: \EU1/lmr/m/n/12 Overview of \EU1/Courier(0)/m/n/
10.95 cern.ch.mathexplorer.lucene.analysis.analyzers
 []

File: visio_drawings/tokenizers.png Graphic file (type QTm)
<use  "visio_drawings/tokenizers.png" >
Overfull \hbox (51.22191pt too wide) in paragraph at lines 15--15
[]\EU1/lmr/bx/n/12 Figure C.2: \EU1/lmr/m/n/12 Overview of \EU1/Courier(0)/m/n/
10.95 cern.ch.mathexplorer.lucene.analysis.tokenizers
 []


LaTeX Warning: `!h' float specifier changed to `!ht'.

File: visio_drawings/filters.png Graphic file (type QTm)
<use  "visio_drawings/filters.png" >
Overfull \hbox (31.51189pt too wide) in paragraph at lines 23--23
[]\EU1/lmr/bx/n/12 Figure C.3: \EU1/lmr/m/n/12 Overview of \EU1/Courier(0)/m/n/
10.95 cern.ch.mathexplorer.lucene.analysis.filters
 []


LaTeX Warning: `!h' float specifier changed to `!ht'.

File: visio_drawings/query.png Graphic file (type QTm)
<use  "visio_drawings/query.png" >

LaTeX Warning: `!h' float specifier changed to `!ht'.

File: visio_drawings/main_packages.png Graphic file (type QTm)
<use  "visio_drawings/main_packages.png" >

LaTeX Warning: `!h' float specifier changed to `!ht'.

) [61] [62] [63]
Package atveryend Info: Empty hook `BeforeClearDocument' on input line 163.
Package atveryend Info: Empty hook `AfterLastShipout' on input line 163.
 (C:\Users\Artie\git\mathmlexplorerweb\docs\thesis\main_doc.aux (C:\Users\Artie
\git\mathmlexplorerweb\docs\thesis\titre.aux)
(C:\Users\Artie\git\mathmlexplorerweb\docs\thesis\chap-introduction.aux)
(C:\Users\Artie\git\mathmlexplorerweb\docs\thesis\chap-theoretical_background.a
ux)
(C:\Users\Artie\git\mathmlexplorerweb\docs\thesis\chap-technical_considerations
.aux) (C:\Users\Artie\git\mathmlexplorerweb\docs\thesis\chap-related_work.aux)
(C:\Users\Artie\git\mathmlexplorerweb\docs\thesis\chap-cern_math_explorer.aux)
(C:\Users\Artie\git\mathmlexplorerweb\docs\thesis\chap-advanced_techniques.aux)
(C:\Users\Artie\git\mathmlexplorerweb\docs\thesis\chap-evaluation.aux)
(C:\Users\Artie\git\mathmlexplorerweb\docs\thesis\chap-conclusions.aux)
(C:\Users\Artie\git\mathmlexplorerweb\docs\thesis\chap-future_work.aux)
(C:\Users\Artie\git\mathmlexplorerweb\docs\thesis\appendix-conf_files.aux)
(C:\Users\Artie\git\mathmlexplorerweb\docs\thesis\appendix-test_equations.aux)
(C:\Users\Artie\git\mathmlexplorerweb\docs\thesis\appendix-uml.aux))
Package atveryend Info: Empty hook `AtVeryEndDocument' on input line 163.
Package atveryend Info: Empty hook `AtEndAfterFileList' on input line 163.


LaTeX Warning: There were undefined references.


LaTeX Warning: There were multiply-defined labels.

Package atveryend Info: Empty hook `AtVeryVeryEnd' on input line 163.
 ) 
Here is how much of TeX's memory you used:
 24440 strings out of 429035
 429617 string characters out of 3166907
 553210 words of memory out of 3000000
 27229 multiletter control sequences out of 15000+200000
 18371 words of font info for 109 fonts, out of 3000000 for 9000
 912 hyphenation exceptions out of 8191
 46i,16n,47p,10405b,1182s stack positions out of 5000i,500n,10000p,200000b,50000s

Output written on main_doc.pdf (65 pages).
