\BOOKMARK [0][-]{chapter.1}{Introduction}{}% 1
\BOOKMARK [1][-]{section.1.1}{Context}{chapter.1}% 2
\BOOKMARK [2][-]{subsection.1.1.1}{Invenio}{section.1.1}% 3
\BOOKMARK [2][-]{subsection.1.1.2}{CDS}{section.1.1}% 4
\BOOKMARK [1][-]{section.1.2}{Goals}{chapter.1}% 5
\BOOKMARK [0][-]{chapter.2}{Theoretical\040Background}{}% 6
\BOOKMARK [1][-]{section.2.1}{Boolean\040Model}{chapter.2}% 7
\BOOKMARK [1][-]{section.2.2}{Vector\040Space\040Model}{chapter.2}% 8
\BOOKMARK [1][-]{section.2.3}{Probabilistic\040Relevance\040Model}{chapter.2}% 9
\BOOKMARK [1][-]{section.2.4}{Okapi\040BM25}{chapter.2}% 10
\BOOKMARK [1][-]{section.2.5}{Latent\040Semantic\040Indexing}{chapter.2}% 11
\BOOKMARK [1][-]{section.2.6}{Latent\040Dirichlet\040Allocation}{chapter.2}% 12
\BOOKMARK [1][-]{section.2.7}{Tree\040Edit\040Distance}{chapter.2}% 13
\BOOKMARK [0][-]{chapter.3}{Technical\040Considerations}{}% 14
\BOOKMARK [1][-]{section.3.1}{Digital\040Representations\040of\040Mathematics}{chapter.3}% 15
\BOOKMARK [1][-]{section.3.2}{Math\040Extraction\040Tools}{chapter.3}% 16
\BOOKMARK [1][-]{section.3.3}{Computer\040Algebra\040Systems}{chapter.3}% 17
\BOOKMARK [0][-]{chapter.4}{Related\040Work}{}% 18
\BOOKMARK [1][-]{section.4.1}{Status\040of\040MIR}{chapter.4}% 19
\BOOKMARK [2][-]{subsection.4.1.1}{TREC}{section.4.1}% 20
\BOOKMARK [2][-]{subsection.4.1.2}{TREC}{section.4.1}% 21
\BOOKMARK [2][-]{subsection.4.1.3}{CLEF}{section.4.1}% 22
\BOOKMARK [2][-]{subsection.4.1.4}{NTCIR}{section.4.1}% 23
\BOOKMARK [1][-]{section.4.2}{Mathematical\040based\040search\040projects}{chapter.4}% 24
\BOOKMARK [2][-]{subsection.4.2.1}{MIaS}{section.4.2}% 25
\BOOKMARK [2][-]{subsection.4.2.2}{EgoMath}{section.4.2}% 26
\BOOKMARK [2][-]{subsection.4.2.3}{DLMFSearch}{section.4.2}% 27
\BOOKMARK [2][-]{subsection.4.2.4}{MathWebSearch}{section.4.2}% 28
\BOOKMARK [2][-]{subsection.4.2.5}{LaTEXSearch}{section.4.2}% 29
\BOOKMARK [1][-]{section.4.3}{Other\040related\040projects\040and\040initiatives}{chapter.4}% 30
\BOOKMARK [2][-]{subsection.4.3.1}{arXMLiv}{section.4.3}% 31
\BOOKMARK [0][-]{chapter.5}{5ex+y\(CDS\)}{}% 32
\BOOKMARK [1][-]{section.5.1}{Features\040Extraction}{chapter.5}% 33
\BOOKMARK [2][-]{subsection.5.1.1}{Notational\040Features}{section.5.1}% 34
\BOOKMARK [2][-]{subsection.5.1.2}{Structural\040Features}{section.5.1}% 35
\BOOKMARK [1][-]{section.5.2}{Development\040with\040Lucene/Solr}{chapter.5}% 36
\BOOKMARK [1][-]{section.5.3}{Integration\040with\040Mathematica}{chapter.5}% 37
\BOOKMARK [1][-]{section.5.4}{Integration\040with\040CDS}{chapter.5}% 38
\BOOKMARK [0][-]{chapter.6}{Advanced\040Techniques}{}% 39
\BOOKMARK [1][-]{section.6.1}{Latent\040Semantic\040Indexing\040with\040Semantic\040Vectors}{chapter.6}% 40
\BOOKMARK [1][-]{section.6.2}{Latent\040Dirichlet\040Allocation\040with\040Apache\040Mahout}{chapter.6}% 41
\BOOKMARK [0][-]{chapter.7}{Evaluation}{}% 42
\BOOKMARK [1][-]{section.7.1}{Dataset}{chapter.7}% 43
\BOOKMARK [1][-]{section.7.2}{Setup}{chapter.7}% 44
\BOOKMARK [1][-]{section.7.3}{Results\040quality}{chapter.7}% 45
\BOOKMARK [2][-]{subsection.7.3.1}{Equations}{section.7.3}% 46
\BOOKMARK [1][-]{section.7.4}{Comparison\040against\040other\040systems}{chapter.7}% 47
\BOOKMARK [1][-]{section.7.5}{Querying\040Performance}{chapter.7}% 48
\BOOKMARK [1][-]{section.7.6}{Indexing\040Performance}{chapter.7}% 49
\BOOKMARK [1][-]{section.7.7}{Alternative\040Metrics}{chapter.7}% 50
\BOOKMARK [0][-]{chapter.8}{Conclusions}{}% 51
\BOOKMARK [0][-]{chapter.9}{Future\040work}{}% 52
\BOOKMARK [0][-]{chapter.9}{Bibliographie}{}% 53
\BOOKMARK [0][-]{appendix.A}{Configuration\040files}{}% 54
\BOOKMARK [1][-]{section.A.1}{Solr\040Schema}{appendix.A}% 55
\BOOKMARK [1][-]{section.A.2}{Solr\040configuration\040file}{appendix.A}% 56
\BOOKMARK [0][-]{appendix.B}{Test\040equations}{}% 57
\BOOKMARK [0][-]{appendix.C}{Detailed\040system\040architecture\040diagrams}{}% 58
\BOOKMARK [1][-]{section.C.1}{Analyzers}{appendix.C}% 59
\BOOKMARK [1][-]{section.C.2}{Tokenizers}{appendix.C}% 60
\BOOKMARK [1][-]{section.C.3}{Filters}{appendix.C}% 61
\BOOKMARK [1][-]{section.C.4}{Query\040Parsers}{appendix.C}% 62
\BOOKMARK [1][-]{section.C.5}{Packages\040Relations}{appendix.C}% 63
