\BOOKMARK [0][-]{chapter.1}{Introduction}{}% 1
\BOOKMARK [0][-]{chapter.2}{Theoretical\040Background}{}% 2
\BOOKMARK [1][-]{section.2.1}{Boolean\040Model}{chapter.2}% 3
\BOOKMARK [1][-]{section.2.2}{Vector\040Space\040Model}{chapter.2}% 4
\BOOKMARK [1][-]{section.2.3}{tf-idf}{chapter.2}% 5
\BOOKMARK [1][-]{section.2.4}{Probabilistic\040Relevance\040Model}{chapter.2}% 6
\BOOKMARK [1][-]{section.2.5}{Okapi\040BM25}{chapter.2}% 7
\BOOKMARK [1][-]{section.2.6}{Tree\040Edit\040Distance}{chapter.2}% 8
\BOOKMARK [0][-]{chapter.3}{Technical\040Considerations}{}% 9
\BOOKMARK [1][-]{section.3.1}{Digital\040Representations\040of\040Mathematics}{chapter.3}% 10
\BOOKMARK [2][-]{subsection.3.1.1}{MathML}{section.3.1}% 11
\BOOKMARK [2][-]{subsection.3.1.2}{OpenMath}{section.3.1}% 12
\BOOKMARK [2][-]{subsection.3.1.3}{LaTeX}{section.3.1}% 13
\BOOKMARK [1][-]{section.3.2}{Math\040Extraction\040Tools}{chapter.3}% 14
\BOOKMARK [1][-]{section.3.3}{From\040LaTeX\040to\040MathML}{chapter.3}% 15
\BOOKMARK [2][-]{subsection.3.3.1}{From\040PDF\040to\040MathML}{section.3.3}% 16
\BOOKMARK [2][-]{subsection.3.3.2}{Other\040projects}{section.3.3}% 17
\BOOKMARK [1][-]{section.3.4}{Computational\040Algebraic\040Systems}{chapter.3}% 18
\BOOKMARK [2][-]{subsection.3.4.1}{Mathematica}{section.3.4}% 19
\BOOKMARK [2][-]{subsection.3.4.2}{Mapple}{section.3.4}% 20
\BOOKMARK [2][-]{subsection.3.4.3}{Matlab}{section.3.4}% 21
\BOOKMARK [2][-]{subsection.3.4.4}{Octane}{section.3.4}% 22
\BOOKMARK [2][-]{subsection.3.4.5}{SAGE}{section.3.4}% 23
\BOOKMARK [0][-]{chapter.4}{Related\040Work}{}% 24
\BOOKMARK [1][-]{section.4.1}{Status\040of\040MIR}{chapter.4}% 25
\BOOKMARK [2][-]{subsection.4.1.1}{TREC}{section.4.1}% 26
\BOOKMARK [2][-]{subsection.4.1.2}{TREC}{section.4.1}% 27
\BOOKMARK [2][-]{subsection.4.1.3}{CLEF}{section.4.1}% 28
\BOOKMARK [2][-]{subsection.4.1.4}{NTCIR}{section.4.1}% 29
\BOOKMARK [1][-]{section.4.2}{Mathematical\040based\040search\040projects}{chapter.4}% 30
\BOOKMARK [2][-]{subsection.4.2.1}{MIaS}{section.4.2}% 31
\BOOKMARK [2][-]{subsection.4.2.2}{EgoMath}{section.4.2}% 32
\BOOKMARK [2][-]{subsection.4.2.3}{DLMFSearch}{section.4.2}% 33
\BOOKMARK [2][-]{subsection.4.2.4}{MathWebSearch}{section.4.2}% 34
\BOOKMARK [2][-]{subsection.4.2.5}{LaTEXSearch}{section.4.2}% 35
\BOOKMARK [1][-]{section.4.3}{Other\040related\040projects\040and\040initiatives}{chapter.4}% 36
\BOOKMARK [2][-]{subsection.4.3.1}{arXMLiv}{section.4.3}% 37
\BOOKMARK [0][-]{chapter.5}{CERN\040Math\040Explorer}{}% 38
\BOOKMARK [1][-]{section.5.1}{Information\040Retrieval\040Model}{chapter.5}% 39
\BOOKMARK [2][-]{subsection.5.1.1}{Notational\040Features}{section.5.1}% 40
\BOOKMARK [2][-]{subsection.5.1.2}{Structural\040Features}{section.5.1}% 41
\BOOKMARK [2][-]{subsection.5.1.3}{Development\040with\040Lucene/Solr}{section.5.1}% 42
\BOOKMARK [2][-]{subsection.5.1.4}{Integration\040with\040Mathematica}{section.5.1}% 43
\BOOKMARK [2][-]{subsection.5.1.5}{Integration\040with\040CDS}{section.5.1}% 44
\BOOKMARK [0][-]{chapter.6}{Evaluation}{}% 45
\BOOKMARK [1][-]{section.6.1}{Dataset}{chapter.6}% 46
\BOOKMARK [1][-]{section.6.2}{Indexing\040Performance}{chapter.6}% 47
\BOOKMARK [0][-]{section.6.2}{Bibliographie}{}% 48
