This is XeTeX, Version 3.1415926-2.4-0.9998 (MiKTeX 2.9) (preloaded format=xetex 2014.2.13)  22 MAR 2015 18:44
entering extended mode
**C:/Users/Artie/git/mathmlexplorerweb/jcdl2015/paper/bibliography.bib
(C:/Users/Artie/git/mathmlexplorerweb/jcdl2015/paper/bibliography.bib
! Missing $ inserted.
<inserted text> 
                $
<to be read again> 
                   _
l.15 @article{zhang_
                    shasha,
? 
! Emergency stop.
<inserted text> 
                $
<to be read again> 
                   _
l.15 @article{zhang_
                    shasha,
End of file on the terminal!

No pages of output.
